###########################################################
Tue Jan 30 14:45:18 JST 2018
Running the program "ChangeShapingTime"...
USAGE: ChangeShapingTime [option] [offset_value]
Failed. (>A<)
###########################################################
Tue Jan 30 15:01:00 JST 2018
Running the program "ChangeShapingTime"...
> ./misc/ChangeShapingTime -- RegisterValue_19.yml 50
[ChangeShapingTime] file name: RegisterValue_19.yml    shaping time: 50
[ChangeShapingTime] The Register Value file "RegisterValue_19.yml" has been recreated.
> ./misc/ChangeShapingTime -- RegisterValue_20.yml 50
[ChangeShapingTime] file name: RegisterValue_20.yml    shaping time: 50
[ChangeShapingTime] The Register Value file "RegisterValue_20.yml" has been recreated.
> ./misc/ChangeShapingTime -- RegisterValue_21.yml 50
[ChangeShapingTime] file name: RegisterValue_21.yml    shaping time: 50
[ChangeShapingTime] The Register Value file "RegisterValue_21.yml" has been recreated.
> ./misc/ChangeShapingTime -- RegisterValue_22.yml 50
[ChangeShapingTime] file name: RegisterValue_22.yml    shaping time: 50
[ChangeShapingTime] The Register Value file "RegisterValue_22.yml" has been recreated.
> ./misc/ChangeShapingTime -- RegisterValue_23.yml 50
[ChangeShapingTime] file name: RegisterValue_23.yml    shaping time: 50
[ChangeShapingTime] The Register Value file "RegisterValue_23.yml" has been recreated.
> ./misc/ChangeShapingTime -- RegisterValue_24.yml 50
[ChangeShapingTime] file name: RegisterValue_24.yml    shaping time: 50
[ChangeShapingTime] The Register Value file "RegisterValue_24.yml" has been recreated.
> ./misc/ChangeShapingTime -- RegisterValue_25.yml 50
[ChangeShapingTime] file name: RegisterValue_25.yml    shaping time: 50
[ChangeShapingTime] The Register Value file "RegisterValue_25.yml" has been recreated.
> ./misc/ChangeShapingTime -- RegisterValue_26.yml 50
[ChangeShapingTime] file name: RegisterValue_26.yml    shaping time: 50
[ChangeShapingTime] The Register Value file "RegisterValue_26.yml" has been recreated.
> ./misc/ChangeShapingTime -- RegisterValue_27.yml 50
[ChangeShapingTime] file name: RegisterValue_27.yml    shaping time: 50
[ChangeShapingTime] The Register Value file "RegisterValue_27.yml" has been recreated.
> ./misc/ChangeShapingTime -- RegisterValue_28.yml 50
[ChangeShapingTime] file name: RegisterValue_28.yml    shaping time: 50
[ChangeShapingTime] The Register Value file "RegisterValue_28.yml" has been recreated.
> ./misc/ChangeShapingTime -- RegisterValue_29.yml 50
[ChangeShapingTime] file name: RegisterValue_29.yml    shaping time: 50
[ChangeShapingTime] The Register Value file "RegisterValue_29.yml" has been recreated.
> ./misc/ChangeShapingTime -- RegisterValue_30.yml 50
[ChangeShapingTime] file name: RegisterValue_30.yml    shaping time: 50
[ChangeShapingTime] The Register Value file "RegisterValue_30.yml" has been recreated.
> ./misc/ChangeShapingTime -- RegisterValue_31.yml 50
[ChangeShapingTime] file name: RegisterValue_31.yml    shaping time: 50
[ChangeShapingTime] The Register Value file "RegisterValue_31.yml" has been recreated.
> ./misc/ChangeShapingTime -- RegisterValue_32.yml 50
[ChangeShapingTime] file name: RegisterValue_32.yml    shaping time: 50
[ChangeShapingTime] The Register Value file "RegisterValue_32.yml" has been recreated.
> ./misc/ChangeShapingTime -- RegisterValue_33.yml 50
[ChangeShapingTime] file name: RegisterValue_33.yml    shaping time: 50
[ChangeShapingTime] The Register Value file "RegisterValue_33.yml" has been recreated.
> ./misc/ChangeShapingTime -- RegisterValue_34.yml 50
[ChangeShapingTime] file name: RegisterValue_34.yml    shaping time: 50
[ChangeShapingTime] The Register Value file "RegisterValue_34.yml" has been recreated.
> ./misc/ChangeShapingTime -- RegisterValue_35.yml 50
[ChangeShapingTime] file name: RegisterValue_35.yml    shaping time: 50
[ChangeShapingTime] The Register Value file "RegisterValue_35.yml" has been recreated.
> ./misc/ChangeShapingTime -- RegisterValue_36.yml 50
[ChangeShapingTime] file name: RegisterValue_36.yml    shaping time: 50
[ChangeShapingTime] The Register Value file "RegisterValue_36.yml" has been recreated.
> ./misc/ChangeShapingTime -- RegisterValue_37.yml 50
[ChangeShapingTime] file name: RegisterValue_37.yml    shaping time: 50
[ChangeShapingTime] The Register Value file "RegisterValue_37.yml" has been recreated.
> ./misc/ChangeShapingTime -- RegisterValue_38.yml 50
[ChangeShapingTime] file name: RegisterValue_38.yml    shaping time: 50
[ChangeShapingTime] The Register Value file "RegisterValue_38.yml" has been recreated.
> ./misc/ChangeShapingTime -- RegisterValue_39.yml 50
[ChangeShapingTime] file name: RegisterValue_39.yml    shaping time: 50
[ChangeShapingTime] The Register Value file "RegisterValue_39.yml" has been recreated.
> ./misc/ChangeShapingTime -- RegisterValue_40.yml 50
[ChangeShapingTime] file name: RegisterValue_40.yml    shaping time: 50
[ChangeShapingTime] The Register Value file "RegisterValue_40.yml" has been recreated.
> ./misc/ChangeShapingTime -- RegisterValue_41.yml 50
[ChangeShapingTime] file name: RegisterValue_41.yml    shaping time: 50
[ChangeShapingTime] The Register Value file "RegisterValue_41.yml" has been recreated.
> ./misc/ChangeShapingTime -- RegisterValue_42.yml 50
[ChangeShapingTime] file name: RegisterValue_42.yml    shaping time: 50
[ChangeShapingTime] The Register Value file "RegisterValue_42.yml" has been recreated.
> ./misc/ChangeShapingTime -- RegisterValue_43.yml 50
[ChangeShapingTime] file name: RegisterValue_43.yml    shaping time: 50
[ChangeShapingTime] The Register Value file "RegisterValue_43.yml" has been recreated.
> ./misc/ChangeShapingTime -- RegisterValue_44.yml 50
[ChangeShapingTime] file name: RegisterValue_44.yml    shaping time: 50
[ChangeShapingTime] The Register Value file "RegisterValue_44.yml" has been recreated.
> ./misc/ChangeShapingTime -- RegisterValue_45.yml 50
[ChangeShapingTime] file name: RegisterValue_45.yml    shaping time: 50
[ChangeShapingTime] The Register Value file "RegisterValue_45.yml" has been recreated.
> ./misc/ChangeShapingTime -- RegisterValue_46.yml 50
[ChangeShapingTime] file name: RegisterValue_46.yml    shaping time: 50
[ChangeShapingTime] The Register Value file "RegisterValue_46.yml" has been recreated.
> ./misc/ChangeShapingTime -- RegisterValue_47.yml 50
[ChangeShapingTime] file name: RegisterValue_47.yml    shaping time: 50
[ChangeShapingTime] The Register Value file "RegisterValue_47.yml" has been recreated.
> ./misc/ChangeShapingTime -- RegisterValue_48.yml 50
[ChangeShapingTime] file name: RegisterValue_48.yml    shaping time: 50
[ChangeShapingTime] The Register Value file "RegisterValue_48.yml" has been recreated.
> ./misc/ChangeShapingTime -- RegisterValue_49.yml 50
[ChangeShapingTime] file name: RegisterValue_49.yml    shaping time: 50
[ChangeShapingTime] The Register Value file "RegisterValue_49.yml" has been recreated.
> ./misc/ChangeShapingTime -- RegisterValue_50.yml 50
[ChangeShapingTime] file name: RegisterValue_50.yml    shaping time: 50
[ChangeShapingTime] The Register Value file "RegisterValue_50.yml" has been recreated.
> ./misc/ChangeShapingTime -- RegisterValue_51.yml 50
[ChangeShapingTime] file name: RegisterValue_51.yml    shaping time: 50
[ChangeShapingTime] The Register Value file "RegisterValue_51.yml" has been recreated.
> ./misc/ChangeShapingTime -- RegisterValue_52.yml 50
[ChangeShapingTime] file name: RegisterValue_52.yml    shaping time: 50
[ChangeShapingTime] The Register Value file "RegisterValue_52.yml" has been recreated.
> ./misc/ChangeShapingTime -- RegisterValue_53.yml 50
[ChangeShapingTime] file name: RegisterValue_53.yml    shaping time: 50
[ChangeShapingTime] The Register Value file "RegisterValue_53.yml" has been recreated.
> ./misc/ChangeShapingTime -- RegisterValue_54.yml 50
[ChangeShapingTime] file name: RegisterValue_54.yml    shaping time: 50
[ChangeShapingTime] The Register Value file "RegisterValue_54.yml" has been recreated.
> ./misc/ChangeShapingTime -- RegisterValue_55.yml 50
[ChangeShapingTime] file name: RegisterValue_55.yml    shaping time: 50
[ChangeShapingTime] The Register Value file "RegisterValue_55.yml" has been recreated.
> ./misc/ChangeShapingTime -- RegisterValue_56.yml 50
[ChangeShapingTime] file name: RegisterValue_56.yml    shaping time: 50
[ChangeShapingTime] The Register Value file "RegisterValue_56.yml" has been recreated.
> ./misc/ChangeShapingTime -- RegisterValue_57.yml 50
[ChangeShapingTime] file name: RegisterValue_57.yml    shaping time: 50
[ChangeShapingTime] The Register Value file "RegisterValue_57.yml" has been recreated.
> ./misc/ChangeShapingTime -- RegisterValue_58.yml 50
[ChangeShapingTime] file name: RegisterValue_58.yml    shaping time: 50
[ChangeShapingTime] The Register Value file "RegisterValue_58.yml" has been recreated.
> ./misc/ChangeShapingTime -- RegisterValue_59.yml 50
[ChangeShapingTime] file name: RegisterValue_59.yml    shaping time: 50
[ChangeShapingTime] The Register Value file "RegisterValue_59.yml" has been recreated.
> ./misc/ChangeShapingTime -- RegisterValue_60.yml 50
[ChangeShapingTime] file name: RegisterValue_60.yml    shaping time: 50
[ChangeShapingTime] The Register Value file "RegisterValue_60.yml" has been recreated.
> ./misc/ChangeShapingTime -- RegisterValue_61.yml 50
[ChangeShapingTime] file name: RegisterValue_61.yml    shaping time: 50
[ChangeShapingTime] The Register Value file "RegisterValue_61.yml" has been recreated.
> ./misc/ChangeShapingTime -- RegisterValue_62.yml 50
[ChangeShapingTime] file name: RegisterValue_62.yml    shaping time: 50
[ChangeShapingTime] The Register Value file "RegisterValue_62.yml" has been recreated.
> ./misc/ChangeShapingTime -- RegisterValue_63.yml 50
[ChangeShapingTime] file name: RegisterValue_63.yml    shaping time: 50
[ChangeShapingTime] The Register Value file "RegisterValue_63.yml" has been recreated.
> ./misc/ChangeShapingTime -- RegisterValue_64.yml 50
[ChangeShapingTime] file name: RegisterValue_64.yml    shaping time: 50
[ChangeShapingTime] The Register Value file "RegisterValue_64.yml" has been recreated.
> ./misc/ChangeShapingTime -- RegisterValue_65.yml 50
[ChangeShapingTime] file name: RegisterValue_65.yml    shaping time: 50
[ChangeShapingTime] The Register Value file "RegisterValue_65.yml" has been recreated.
> ./misc/ChangeShapingTime -- RegisterValue_66.yml 50
[ChangeShapingTime] file name: RegisterValue_66.yml    shaping time: 50
[ChangeShapingTime] The Register Value file "RegisterValue_66.yml" has been recreated.
> ./misc/ChangeShapingTime -- RegisterValue_67.yml 50
[ChangeShapingTime] file name: RegisterValue_67.yml    shaping time: 50
[ChangeShapingTime] The Register Value file "RegisterValue_67.yml" has been recreated.
> ./misc/ChangeShapingTime -- RegisterValue_68.yml 50
[ChangeShapingTime] file name: RegisterValue_68.yml    shaping time: 50
[ChangeShapingTime] The Register Value file "RegisterValue_68.yml" has been recreated.
> ./misc/ChangeShapingTime -- RegisterValue_69.yml 50
[ChangeShapingTime] file name: RegisterValue_69.yml    shaping time: 50
[ChangeShapingTime] The Register Value file "RegisterValue_69.yml" has been recreated.
> ./misc/ChangeShapingTime -- RegisterValue_70.yml 50
[ChangeShapingTime] file name: RegisterValue_70.yml    shaping time: 50
[ChangeShapingTime] The Register Value file "RegisterValue_70.yml" has been recreated.
> ./misc/ChangeShapingTime -- RegisterValue_71.yml 50
[ChangeShapingTime] file name: RegisterValue_71.yml    shaping time: 50
[ChangeShapingTime] The Register Value file "RegisterValue_71.yml" has been recreated.
> ./misc/ChangeShapingTime -- RegisterValue_72.yml 50
[ChangeShapingTime] file name: RegisterValue_72.yml    shaping time: 50
[ChangeShapingTime] The Register Value file "RegisterValue_72.yml" has been recreated.
> ./misc/ChangeShapingTime -- RegisterValue_73.yml 50
[ChangeShapingTime] file name: RegisterValue_73.yml    shaping time: 50
[ChangeShapingTime] The Register Value file "RegisterValue_73.yml" has been recreated.
> ./misc/ChangeShapingTime -- RegisterValue_74.yml 50
[ChangeShapingTime] file name: RegisterValue_74.yml    shaping time: 50
[ChangeShapingTime] The Register Value file "RegisterValue_74.yml" has been recreated.
> ./misc/ChangeShapingTime -- RegisterValue_75.yml 50
[ChangeShapingTime] file name: RegisterValue_75.yml    shaping time: 50
[ChangeShapingTime] The Register Value file "RegisterValue_75.yml" has been recreated.
> ./misc/ChangeShapingTime -- RegisterValue_76.yml 50
[ChangeShapingTime] file name: RegisterValue_76.yml    shaping time: 50
[ChangeShapingTime] The Register Value file "RegisterValue_76.yml" has been recreated.
> ./misc/ChangeShapingTime -- RegisterValue_77.yml 50
[ChangeShapingTime] file name: RegisterValue_77.yml    shaping time: 50
[ChangeShapingTime] The Register Value file "RegisterValue_77.yml" has been recreated.
> ./misc/ChangeShapingTime -- RegisterValue_78.yml 50
[ChangeShapingTime] file name: RegisterValue_78.yml    shaping time: 50
[ChangeShapingTime] The Register Value file "RegisterValue_78.yml" has been recreated.
> ./misc/ChangeShapingTime -- RegisterValue_79.yml 50
[ChangeShapingTime] file name: RegisterValue_79.yml    shaping time: 50
[ChangeShapingTime] The Register Value file "RegisterValue_79.yml" has been recreated.
> ./misc/ChangeShapingTime -- RegisterValue_80.yml 50
[ChangeShapingTime] file name: RegisterValue_80.yml    shaping time: 50
[ChangeShapingTime] The Register Value file "RegisterValue_80.yml" has been recreated.
> ./misc/ChangeShapingTime -- RegisterValue_81.yml 50
[ChangeShapingTime] file name: RegisterValue_81.yml    shaping time: 50
[ChangeShapingTime] The Register Value file "RegisterValue_81.yml" has been recreated.
> ./misc/ChangeShapingTime -- RegisterValue_82.yml 50
[ChangeShapingTime] file name: RegisterValue_82.yml    shaping time: 50
[ChangeShapingTime] The Register Value file "RegisterValue_82.yml" has been recreated.
> ./misc/ChangeShapingTime -- RegisterValue_83.yml 50
[ChangeShapingTime] file name: RegisterValue_83.yml    shaping time: 50
[ChangeShapingTime] The Register Value file "RegisterValue_83.yml" has been recreated.
> ./misc/ChangeShapingTime -- RegisterValue_84.yml 50
[ChangeShapingTime] file name: RegisterValue_84.yml    shaping time: 50
[ChangeShapingTime] The Register Value file "RegisterValue_84.yml" has been recreated.
> ./misc/ChangeShapingTime -- RegisterValue_85.yml 50
[ChangeShapingTime] file name: RegisterValue_85.yml    shaping time: 50
[ChangeShapingTime] The Register Value file "RegisterValue_85.yml" has been recreated.
> ./misc/ChangeShapingTime -- RegisterValue_86.yml 50
[ChangeShapingTime] file name: RegisterValue_86.yml    shaping time: 50
[ChangeShapingTime] The Register Value file "RegisterValue_86.yml" has been recreated.
> ./misc/ChangeShapingTime -- RegisterValue_87.yml 50
[ChangeShapingTime] file name: RegisterValue_87.yml    shaping time: 50
[ChangeShapingTime] The Register Value file "RegisterValue_87.yml" has been recreated.
> ./misc/ChangeShapingTime -- RegisterValue_88.yml 50
[ChangeShapingTime] file name: RegisterValue_88.yml    shaping time: 50
[ChangeShapingTime] The Register Value file "RegisterValue_88.yml" has been recreated.
> ./misc/ChangeShapingTime -- RegisterValue_89.yml 50
[ChangeShapingTime] file name: RegisterValue_89.yml    shaping time: 50
[ChangeShapingTime] The Register Value file "RegisterValue_89.yml" has been recreated.
> ./misc/ChangeShapingTime -- RegisterValue_90.yml 50
[ChangeShapingTime] file name: RegisterValue_90.yml    shaping time: 50
[ChangeShapingTime] The Register Value file "RegisterValue_90.yml" has been recreated.
> ./misc/ChangeShapingTime -- RegisterValue_91.yml 50
[ChangeShapingTime] file name: RegisterValue_91.yml    shaping time: 50
[ChangeShapingTime] The Register Value file "RegisterValue_91.yml" has been recreated.
> ./misc/ChangeShapingTime -- RegisterValue_92.yml 50
[ChangeShapingTime] file name: RegisterValue_92.yml    shaping time: 50
[ChangeShapingTime] The Register Value file "RegisterValue_92.yml" has been recreated.
> ./misc/ChangeShapingTime -- RegisterValue_93.yml 50
[ChangeShapingTime] file name: RegisterValue_93.yml    shaping time: 50
[ChangeShapingTime] The Register Value file "RegisterValue_93.yml" has been recreated.
> ./misc/ChangeShapingTime -- RegisterValue_94.yml 50
[ChangeShapingTime] file name: RegisterValue_94.yml    shaping time: 50
[ChangeShapingTime] The Register Value file "RegisterValue_94.yml" has been recreated.
Done!
###########################################################
###########################################################
Tue Jan 30 15:01:20 JST 2018
Running the program "ChangeShapingTime"...
> ./misc/ChangeShapingTime -- RegisterValue_16.yml 50
[ChangeShapingTime] file name: RegisterValue_16.yml    shaping time: 50
[ChangeShapingTime] The Register Value file "RegisterValue_16.yml" has been recreated.
> ./misc/ChangeShapingTime -- RegisterValue_17.yml 50
[ChangeShapingTime] file name: RegisterValue_17.yml    shaping time: 50
[ChangeShapingTime] The Register Value file "RegisterValue_17.yml" has been recreated.
Done!
###########################################################
