###########################################################
Sat Jun  2 22:16:27 JST 2018
Running the program "ChangeThresholdDacOffset"...
> /home/axis/vme-easiroc-util/ChangeRegisterValue/bin/ChangeThresholdDacOffset -ud -- RegisterValue_16.yml -250
[ChangeThresholdDacOffset] file name: RegisterValue_16.yml    offset value: -250
[ChangeThresholdDacOffset] The Register Value file "RegisterValue_16.yml" has been recreated.
> /home/axis/vme-easiroc-util/ChangeRegisterValue/bin/ChangeThresholdDacOffset -ud -- RegisterValue_17.yml -250
[ChangeThresholdDacOffset] file name: RegisterValue_17.yml    offset value: -250
[ChangeThresholdDacOffset] The Register Value file "RegisterValue_17.yml" has been recreated.
> /home/axis/vme-easiroc-util/ChangeRegisterValue/bin/ChangeThresholdDacOffset -ud -- RegisterValue_19.yml -250
[ChangeThresholdDacOffset] file name: RegisterValue_19.yml    offset value: -250
[ChangeThresholdDacOffset] The Register Value file "RegisterValue_19.yml" has been recreated.
> /home/axis/vme-easiroc-util/ChangeRegisterValue/bin/ChangeThresholdDacOffset -ud -- RegisterValue_20.yml -250
[ChangeThresholdDacOffset] file name: RegisterValue_20.yml    offset value: -250
[ChangeThresholdDacOffset] The Register Value file "RegisterValue_20.yml" has been recreated.
> /home/axis/vme-easiroc-util/ChangeRegisterValue/bin/ChangeThresholdDacOffset -ud -- RegisterValue_21.yml -250
[ChangeThresholdDacOffset] file name: RegisterValue_21.yml    offset value: -250
[ChangeThresholdDacOffset] The Register Value file "RegisterValue_21.yml" has been recreated.
> /home/axis/vme-easiroc-util/ChangeRegisterValue/bin/ChangeThresholdDacOffset -ud -- RegisterValue_22.yml -250
[ChangeThresholdDacOffset] file name: RegisterValue_22.yml    offset value: -250
[ChangeThresholdDacOffset] The Register Value file "RegisterValue_22.yml" has been recreated.
> /home/axis/vme-easiroc-util/ChangeRegisterValue/bin/ChangeThresholdDacOffset -ud -- RegisterValue_23.yml -250
[ChangeThresholdDacOffset] file name: RegisterValue_23.yml    offset value: -250
[ChangeThresholdDacOffset] The Register Value file "RegisterValue_23.yml" has been recreated.
> /home/axis/vme-easiroc-util/ChangeRegisterValue/bin/ChangeThresholdDacOffset -ud -- RegisterValue_24.yml -250
[ChangeThresholdDacOffset] file name: RegisterValue_24.yml    offset value: -250
[ChangeThresholdDacOffset] The Register Value file "RegisterValue_24.yml" has been recreated.
> /home/axis/vme-easiroc-util/ChangeRegisterValue/bin/ChangeThresholdDacOffset -ud -- RegisterValue_25.yml -250
[ChangeThresholdDacOffset] file name: RegisterValue_25.yml    offset value: -250
[ChangeThresholdDacOffset] The Register Value file "RegisterValue_25.yml" has been recreated.
> /home/axis/vme-easiroc-util/ChangeRegisterValue/bin/ChangeThresholdDacOffset -ud -- RegisterValue_26.yml -250
[ChangeThresholdDacOffset] file name: RegisterValue_26.yml    offset value: -250
[ChangeThresholdDacOffset] The Register Value file "RegisterValue_26.yml" has been recreated.
> /home/axis/vme-easiroc-util/ChangeRegisterValue/bin/ChangeThresholdDacOffset -ud -- RegisterValue_27.yml -250
[ChangeThresholdDacOffset] file name: RegisterValue_27.yml    offset value: -250
[ChangeThresholdDacOffset] The Register Value file "RegisterValue_27.yml" has been recreated.
> /home/axis/vme-easiroc-util/ChangeRegisterValue/bin/ChangeThresholdDacOffset -ud -- RegisterValue_28.yml -250
[ChangeThresholdDacOffset] file name: RegisterValue_28.yml    offset value: -250
[ChangeThresholdDacOffset] The Register Value file "RegisterValue_28.yml" has been recreated.
> /home/axis/vme-easiroc-util/ChangeRegisterValue/bin/ChangeThresholdDacOffset -ud -- RegisterValue_29.yml -250
[ChangeThresholdDacOffset] file name: RegisterValue_29.yml    offset value: -250
[ChangeThresholdDacOffset] The Register Value file "RegisterValue_29.yml" has been recreated.
> /home/axis/vme-easiroc-util/ChangeRegisterValue/bin/ChangeThresholdDacOffset -ud -- RegisterValue_30.yml -250
[ChangeThresholdDacOffset] file name: RegisterValue_30.yml    offset value: -250
[ChangeThresholdDacOffset] The Register Value file "RegisterValue_30.yml" has been recreated.
> /home/axis/vme-easiroc-util/ChangeRegisterValue/bin/ChangeThresholdDacOffset -ud -- RegisterValue_31.yml -250
[ChangeThresholdDacOffset] file name: RegisterValue_31.yml    offset value: -250
[ChangeThresholdDacOffset] The Register Value file "RegisterValue_31.yml" has been recreated.
> /home/axis/vme-easiroc-util/ChangeRegisterValue/bin/ChangeThresholdDacOffset -ud -- RegisterValue_32.yml -250
[ChangeThresholdDacOffset] file name: RegisterValue_32.yml    offset value: -250
[ChangeThresholdDacOffset] The Register Value file "RegisterValue_32.yml" has been recreated.
> /home/axis/vme-easiroc-util/ChangeRegisterValue/bin/ChangeThresholdDacOffset -ud -- RegisterValue_33.yml -250
[ChangeThresholdDacOffset] file name: RegisterValue_33.yml    offset value: -250
[ChangeThresholdDacOffset] The Register Value file "RegisterValue_33.yml" has been recreated.
> /home/axis/vme-easiroc-util/ChangeRegisterValue/bin/ChangeThresholdDacOffset -ud -- RegisterValue_34.yml -250
[ChangeThresholdDacOffset] file name: RegisterValue_34.yml    offset value: -250
[ChangeThresholdDacOffset] The Register Value file "RegisterValue_34.yml" has been recreated.
> /home/axis/vme-easiroc-util/ChangeRegisterValue/bin/ChangeThresholdDacOffset -ud -- RegisterValue_35.yml -250
[ChangeThresholdDacOffset] file name: RegisterValue_35.yml    offset value: -250
[ChangeThresholdDacOffset] The Register Value file "RegisterValue_35.yml" has been recreated.
> /home/axis/vme-easiroc-util/ChangeRegisterValue/bin/ChangeThresholdDacOffset -ud -- RegisterValue_36.yml -250
[ChangeThresholdDacOffset] file name: RegisterValue_36.yml    offset value: -250
[ChangeThresholdDacOffset] The Register Value file "RegisterValue_36.yml" has been recreated.
> /home/axis/vme-easiroc-util/ChangeRegisterValue/bin/ChangeThresholdDacOffset -ud -- RegisterValue_37.yml -250
[ChangeThresholdDacOffset] file name: RegisterValue_37.yml    offset value: -250
[ChangeThresholdDacOffset] The Register Value file "RegisterValue_37.yml" has been recreated.
> /home/axis/vme-easiroc-util/ChangeRegisterValue/bin/ChangeThresholdDacOffset -ud -- RegisterValue_38.yml -250
[ChangeThresholdDacOffset] file name: RegisterValue_38.yml    offset value: -250
[ChangeThresholdDacOffset] The Register Value file "RegisterValue_38.yml" has been recreated.
> /home/axis/vme-easiroc-util/ChangeRegisterValue/bin/ChangeThresholdDacOffset -ud -- RegisterValue_39.yml -250
[ChangeThresholdDacOffset] file name: RegisterValue_39.yml    offset value: -250
[ChangeThresholdDacOffset] The Register Value file "RegisterValue_39.yml" has been recreated.
> /home/axis/vme-easiroc-util/ChangeRegisterValue/bin/ChangeThresholdDacOffset -ud -- RegisterValue_40.yml -250
[ChangeThresholdDacOffset] file name: RegisterValue_40.yml    offset value: -250
[ChangeThresholdDacOffset] The Register Value file "RegisterValue_40.yml" has been recreated.
> /home/axis/vme-easiroc-util/ChangeRegisterValue/bin/ChangeThresholdDacOffset -ud -- RegisterValue_41.yml -250
[ChangeThresholdDacOffset] file name: RegisterValue_41.yml    offset value: -250
[ChangeThresholdDacOffset] The Register Value file "RegisterValue_41.yml" has been recreated.
> /home/axis/vme-easiroc-util/ChangeRegisterValue/bin/ChangeThresholdDacOffset -ud -- RegisterValue_42.yml -250
[ChangeThresholdDacOffset] file name: RegisterValue_42.yml    offset value: -250
[ChangeThresholdDacOffset] The Register Value file "RegisterValue_42.yml" has been recreated.
> /home/axis/vme-easiroc-util/ChangeRegisterValue/bin/ChangeThresholdDacOffset -ud -- RegisterValue_43.yml -250
[ChangeThresholdDacOffset] file name: RegisterValue_43.yml    offset value: -250
[ChangeThresholdDacOffset] The Register Value file "RegisterValue_43.yml" has been recreated.
> /home/axis/vme-easiroc-util/ChangeRegisterValue/bin/ChangeThresholdDacOffset -ud -- RegisterValue_44.yml -250
[ChangeThresholdDacOffset] file name: RegisterValue_44.yml    offset value: -250
[ChangeThresholdDacOffset] The Register Value file "RegisterValue_44.yml" has been recreated.
> /home/axis/vme-easiroc-util/ChangeRegisterValue/bin/ChangeThresholdDacOffset -ud -- RegisterValue_45.yml -250
[ChangeThresholdDacOffset] file name: RegisterValue_45.yml    offset value: -250
[ChangeThresholdDacOffset] The Register Value file "RegisterValue_45.yml" has been recreated.
> /home/axis/vme-easiroc-util/ChangeRegisterValue/bin/ChangeThresholdDacOffset -ud -- RegisterValue_46.yml -250
[ChangeThresholdDacOffset] file name: RegisterValue_46.yml    offset value: -250
[ChangeThresholdDacOffset] The Register Value file "RegisterValue_46.yml" has been recreated.
> /home/axis/vme-easiroc-util/ChangeRegisterValue/bin/ChangeThresholdDacOffset -ud -- RegisterValue_47.yml -250
[ChangeThresholdDacOffset] file name: RegisterValue_47.yml    offset value: -250
[ChangeThresholdDacOffset] The Register Value file "RegisterValue_47.yml" has been recreated.
> /home/axis/vme-easiroc-util/ChangeRegisterValue/bin/ChangeThresholdDacOffset -ud -- RegisterValue_48.yml -250
[ChangeThresholdDacOffset] file name: RegisterValue_48.yml    offset value: -250
[ChangeThresholdDacOffset] The Register Value file "RegisterValue_48.yml" has been recreated.
> /home/axis/vme-easiroc-util/ChangeRegisterValue/bin/ChangeThresholdDacOffset -ud -- RegisterValue_49.yml -250
[ChangeThresholdDacOffset] file name: RegisterValue_49.yml    offset value: -250
[ChangeThresholdDacOffset] The Register Value file "RegisterValue_49.yml" has been recreated.
> /home/axis/vme-easiroc-util/ChangeRegisterValue/bin/ChangeThresholdDacOffset -ud -- RegisterValue_50.yml -250
[ChangeThresholdDacOffset] file name: RegisterValue_50.yml    offset value: -250
[ChangeThresholdDacOffset] The Register Value file "RegisterValue_50.yml" has been recreated.
> /home/axis/vme-easiroc-util/ChangeRegisterValue/bin/ChangeThresholdDacOffset -ud -- RegisterValue_51.yml -250
[ChangeThresholdDacOffset] file name: RegisterValue_51.yml    offset value: -250
[ChangeThresholdDacOffset] The Register Value file "RegisterValue_51.yml" has been recreated.
> /home/axis/vme-easiroc-util/ChangeRegisterValue/bin/ChangeThresholdDacOffset -ud -- RegisterValue_52.yml -250
[ChangeThresholdDacOffset] file name: RegisterValue_52.yml    offset value: -250
[ChangeThresholdDacOffset] The Register Value file "RegisterValue_52.yml" has been recreated.
> /home/axis/vme-easiroc-util/ChangeRegisterValue/bin/ChangeThresholdDacOffset -ud -- RegisterValue_53.yml -250
[ChangeThresholdDacOffset] file name: RegisterValue_53.yml    offset value: -250
[ChangeThresholdDacOffset] The Register Value file "RegisterValue_53.yml" has been recreated.
> /home/axis/vme-easiroc-util/ChangeRegisterValue/bin/ChangeThresholdDacOffset -ud -- RegisterValue_54.yml -250
[ChangeThresholdDacOffset] file name: RegisterValue_54.yml    offset value: -250
[ChangeThresholdDacOffset] The Register Value file "RegisterValue_54.yml" has been recreated.
> /home/axis/vme-easiroc-util/ChangeRegisterValue/bin/ChangeThresholdDacOffset -ud -- RegisterValue_55.yml -250
[ChangeThresholdDacOffset] file name: RegisterValue_55.yml    offset value: -250
[ChangeThresholdDacOffset] The Register Value file "RegisterValue_55.yml" has been recreated.
> /home/axis/vme-easiroc-util/ChangeRegisterValue/bin/ChangeThresholdDacOffset -ud -- RegisterValue_56.yml -250
[ChangeThresholdDacOffset] file name: RegisterValue_56.yml    offset value: -250
[ChangeThresholdDacOffset] The Register Value file "RegisterValue_56.yml" has been recreated.
> /home/axis/vme-easiroc-util/ChangeRegisterValue/bin/ChangeThresholdDacOffset -ud -- RegisterValue_57.yml -250
[ChangeThresholdDacOffset] file name: RegisterValue_57.yml    offset value: -250
[ChangeThresholdDacOffset] The Register Value file "RegisterValue_57.yml" has been recreated.
> /home/axis/vme-easiroc-util/ChangeRegisterValue/bin/ChangeThresholdDacOffset -ud -- RegisterValue_58.yml -250
[ChangeThresholdDacOffset] file name: RegisterValue_58.yml    offset value: -250
[ChangeThresholdDacOffset] The Register Value file "RegisterValue_58.yml" has been recreated.
> /home/axis/vme-easiroc-util/ChangeRegisterValue/bin/ChangeThresholdDacOffset -ud -- RegisterValue_59.yml -250
[ChangeThresholdDacOffset] file name: RegisterValue_59.yml    offset value: -250
[ChangeThresholdDacOffset] The Register Value file "RegisterValue_59.yml" has been recreated.
> /home/axis/vme-easiroc-util/ChangeRegisterValue/bin/ChangeThresholdDacOffset -ud -- RegisterValue_60.yml -250
[ChangeThresholdDacOffset] file name: RegisterValue_60.yml    offset value: -250
[ChangeThresholdDacOffset] The Register Value file "RegisterValue_60.yml" has been recreated.
> /home/axis/vme-easiroc-util/ChangeRegisterValue/bin/ChangeThresholdDacOffset -ud -- RegisterValue_61.yml -250
[ChangeThresholdDacOffset] file name: RegisterValue_61.yml    offset value: -250
[ChangeThresholdDacOffset] The Register Value file "RegisterValue_61.yml" has been recreated.
> /home/axis/vme-easiroc-util/ChangeRegisterValue/bin/ChangeThresholdDacOffset -ud -- RegisterValue_62.yml -250
[ChangeThresholdDacOffset] file name: RegisterValue_62.yml    offset value: -250
[ChangeThresholdDacOffset] The Register Value file "RegisterValue_62.yml" has been recreated.
> /home/axis/vme-easiroc-util/ChangeRegisterValue/bin/ChangeThresholdDacOffset -ud -- RegisterValue_63.yml -250
[ChangeThresholdDacOffset] file name: RegisterValue_63.yml    offset value: -250
[ChangeThresholdDacOffset] The Register Value file "RegisterValue_63.yml" has been recreated.
> /home/axis/vme-easiroc-util/ChangeRegisterValue/bin/ChangeThresholdDacOffset -ud -- RegisterValue_64.yml -250
[ChangeThresholdDacOffset] file name: RegisterValue_64.yml    offset value: -250
[ChangeThresholdDacOffset] The Register Value file "RegisterValue_64.yml" has been recreated.
> /home/axis/vme-easiroc-util/ChangeRegisterValue/bin/ChangeThresholdDacOffset -ud -- RegisterValue_65.yml -250
[ChangeThresholdDacOffset] file name: RegisterValue_65.yml    offset value: -250
[ChangeThresholdDacOffset] The Register Value file "RegisterValue_65.yml" has been recreated.
> /home/axis/vme-easiroc-util/ChangeRegisterValue/bin/ChangeThresholdDacOffset -ud -- RegisterValue_66.yml -250
[ChangeThresholdDacOffset] file name: RegisterValue_66.yml    offset value: -250
[ChangeThresholdDacOffset] The Register Value file "RegisterValue_66.yml" has been recreated.
> /home/axis/vme-easiroc-util/ChangeRegisterValue/bin/ChangeThresholdDacOffset -ud -- RegisterValue_67.yml -250
[ChangeThresholdDacOffset] file name: RegisterValue_67.yml    offset value: -250
[ChangeThresholdDacOffset] The Register Value file "RegisterValue_67.yml" has been recreated.
> /home/axis/vme-easiroc-util/ChangeRegisterValue/bin/ChangeThresholdDacOffset -ud -- RegisterValue_68.yml -250
[ChangeThresholdDacOffset] file name: RegisterValue_68.yml    offset value: -250
[ChangeThresholdDacOffset] The Register Value file "RegisterValue_68.yml" has been recreated.
> /home/axis/vme-easiroc-util/ChangeRegisterValue/bin/ChangeThresholdDacOffset -ud -- RegisterValue_69.yml -250
[ChangeThresholdDacOffset] file name: RegisterValue_69.yml    offset value: -250
[ChangeThresholdDacOffset] The Register Value file "RegisterValue_69.yml" has been recreated.
> /home/axis/vme-easiroc-util/ChangeRegisterValue/bin/ChangeThresholdDacOffset -ud -- RegisterValue_70.yml -250
[ChangeThresholdDacOffset] file name: RegisterValue_70.yml    offset value: -250
[ChangeThresholdDacOffset] The Register Value file "RegisterValue_70.yml" has been recreated.
> /home/axis/vme-easiroc-util/ChangeRegisterValue/bin/ChangeThresholdDacOffset -ud -- RegisterValue_71.yml -250
[ChangeThresholdDacOffset] file name: RegisterValue_71.yml    offset value: -250
[ChangeThresholdDacOffset] The Register Value file "RegisterValue_71.yml" has been recreated.
> /home/axis/vme-easiroc-util/ChangeRegisterValue/bin/ChangeThresholdDacOffset -ud -- RegisterValue_72.yml -250
[ChangeThresholdDacOffset] file name: RegisterValue_72.yml    offset value: -250
[ChangeThresholdDacOffset] The Register Value file "RegisterValue_72.yml" has been recreated.
> /home/axis/vme-easiroc-util/ChangeRegisterValue/bin/ChangeThresholdDacOffset -ud -- RegisterValue_73.yml -250
[ChangeThresholdDacOffset] file name: RegisterValue_73.yml    offset value: -250
[ChangeThresholdDacOffset] The Register Value file "RegisterValue_73.yml" has been recreated.
> /home/axis/vme-easiroc-util/ChangeRegisterValue/bin/ChangeThresholdDacOffset -ud -- RegisterValue_74.yml -250
[ChangeThresholdDacOffset] file name: RegisterValue_74.yml    offset value: -250
[ChangeThresholdDacOffset] The Register Value file "RegisterValue_74.yml" has been recreated.
> /home/axis/vme-easiroc-util/ChangeRegisterValue/bin/ChangeThresholdDacOffset -ud -- RegisterValue_75.yml -250
[ChangeThresholdDacOffset] file name: RegisterValue_75.yml    offset value: -250
[ChangeThresholdDacOffset] The Register Value file "RegisterValue_75.yml" has been recreated.
> /home/axis/vme-easiroc-util/ChangeRegisterValue/bin/ChangeThresholdDacOffset -ud -- RegisterValue_76.yml -250
[ChangeThresholdDacOffset] file name: RegisterValue_76.yml    offset value: -250
[ChangeThresholdDacOffset] The Register Value file "RegisterValue_76.yml" has been recreated.
> /home/axis/vme-easiroc-util/ChangeRegisterValue/bin/ChangeThresholdDacOffset -ud -- RegisterValue_77.yml -250
[ChangeThresholdDacOffset] file name: RegisterValue_77.yml    offset value: -250
[ChangeThresholdDacOffset] The Register Value file "RegisterValue_77.yml" has been recreated.
> /home/axis/vme-easiroc-util/ChangeRegisterValue/bin/ChangeThresholdDacOffset -ud -- RegisterValue_78.yml -250
[ChangeThresholdDacOffset] file name: RegisterValue_78.yml    offset value: -250
[ChangeThresholdDacOffset] The Register Value file "RegisterValue_78.yml" has been recreated.
> /home/axis/vme-easiroc-util/ChangeRegisterValue/bin/ChangeThresholdDacOffset -ud -- RegisterValue_79.yml -250
[ChangeThresholdDacOffset] file name: RegisterValue_79.yml    offset value: -250
[ChangeThresholdDacOffset] The Register Value file "RegisterValue_79.yml" has been recreated.
> /home/axis/vme-easiroc-util/ChangeRegisterValue/bin/ChangeThresholdDacOffset -ud -- RegisterValue_80.yml -250
[ChangeThresholdDacOffset] file name: RegisterValue_80.yml    offset value: -250
[ChangeThresholdDacOffset] The Register Value file "RegisterValue_80.yml" has been recreated.
> /home/axis/vme-easiroc-util/ChangeRegisterValue/bin/ChangeThresholdDacOffset -ud -- RegisterValue_81.yml -250
[ChangeThresholdDacOffset] file name: RegisterValue_81.yml    offset value: -250
[ChangeThresholdDacOffset] The Register Value file "RegisterValue_81.yml" has been recreated.
> /home/axis/vme-easiroc-util/ChangeRegisterValue/bin/ChangeThresholdDacOffset -ud -- RegisterValue_82.yml -250
[ChangeThresholdDacOffset] file name: RegisterValue_82.yml    offset value: -250
[ChangeThresholdDacOffset] The Register Value file "RegisterValue_82.yml" has been recreated.
> /home/axis/vme-easiroc-util/ChangeRegisterValue/bin/ChangeThresholdDacOffset -ud -- RegisterValue_83.yml -250
[ChangeThresholdDacOffset] file name: RegisterValue_83.yml    offset value: -250
[ChangeThresholdDacOffset] The Register Value file "RegisterValue_83.yml" has been recreated.
> /home/axis/vme-easiroc-util/ChangeRegisterValue/bin/ChangeThresholdDacOffset -ud -- RegisterValue_84.yml -250
[ChangeThresholdDacOffset] file name: RegisterValue_84.yml    offset value: -250
[ChangeThresholdDacOffset] The Register Value file "RegisterValue_84.yml" has been recreated.
> /home/axis/vme-easiroc-util/ChangeRegisterValue/bin/ChangeThresholdDacOffset -ud -- RegisterValue_85.yml -250
[ChangeThresholdDacOffset] file name: RegisterValue_85.yml    offset value: -250
[ChangeThresholdDacOffset] The Register Value file "RegisterValue_85.yml" has been recreated.
> /home/axis/vme-easiroc-util/ChangeRegisterValue/bin/ChangeThresholdDacOffset -ud -- RegisterValue_86.yml -250
[ChangeThresholdDacOffset] file name: RegisterValue_86.yml    offset value: -250
[ChangeThresholdDacOffset] The Register Value file "RegisterValue_86.yml" has been recreated.
> /home/axis/vme-easiroc-util/ChangeRegisterValue/bin/ChangeThresholdDacOffset -ud -- RegisterValue_87.yml -250
[ChangeThresholdDacOffset] file name: RegisterValue_87.yml    offset value: -250
[ChangeThresholdDacOffset] The Register Value file "RegisterValue_87.yml" has been recreated.
> /home/axis/vme-easiroc-util/ChangeRegisterValue/bin/ChangeThresholdDacOffset -ud -- RegisterValue_88.yml -250
[ChangeThresholdDacOffset] file name: RegisterValue_88.yml    offset value: -250
[ChangeThresholdDacOffset] The Register Value file "RegisterValue_88.yml" has been recreated.
> /home/axis/vme-easiroc-util/ChangeRegisterValue/bin/ChangeThresholdDacOffset -ud -- RegisterValue_89.yml -250
[ChangeThresholdDacOffset] file name: RegisterValue_89.yml    offset value: -250
[ChangeThresholdDacOffset] The Register Value file "RegisterValue_89.yml" has been recreated.
> /home/axis/vme-easiroc-util/ChangeRegisterValue/bin/ChangeThresholdDacOffset -ud -- RegisterValue_90.yml -250
[ChangeThresholdDacOffset] file name: RegisterValue_90.yml    offset value: -250
[ChangeThresholdDacOffset] The Register Value file "RegisterValue_90.yml" has been recreated.
> /home/axis/vme-easiroc-util/ChangeRegisterValue/bin/ChangeThresholdDacOffset -ud -- RegisterValue_91.yml -250
[ChangeThresholdDacOffset] file name: RegisterValue_91.yml    offset value: -250
[ChangeThresholdDacOffset] The Register Value file "RegisterValue_91.yml" has been recreated.
> /home/axis/vme-easiroc-util/ChangeRegisterValue/bin/ChangeThresholdDacOffset -ud -- RegisterValue_92.yml -250
[ChangeThresholdDacOffset] file name: RegisterValue_92.yml    offset value: -250
[ChangeThresholdDacOffset] The Register Value file "RegisterValue_92.yml" has been recreated.
> /home/axis/vme-easiroc-util/ChangeRegisterValue/bin/ChangeThresholdDacOffset -ud -- RegisterValue_93.yml -250
[ChangeThresholdDacOffset] file name: RegisterValue_93.yml    offset value: -250
[ChangeThresholdDacOffset] The Register Value file "RegisterValue_93.yml" has been recreated.
> /home/axis/vme-easiroc-util/ChangeRegisterValue/bin/ChangeThresholdDacOffset -ud -- RegisterValue_94.yml -250
[ChangeThresholdDacOffset] file name: RegisterValue_94.yml    offset value: -250
[ChangeThresholdDacOffset] The Register Value file "RegisterValue_94.yml" has been recreated.
> /home/axis/vme-easiroc-util/ChangeRegisterValue/bin/ChangeThresholdDacOffset -ud -- RegisterValue_95.yml -250
[ChangeThresholdDacOffset] file name: RegisterValue_95.yml    offset value: -250
[ChangeThresholdDacOffset] The Register Value file "RegisterValue_95.yml" has been recreated.
Done!
###########################################################
###########################################################
Wed Apr 30 01:29:09 PM JST 2025
Running the program "ChangeThresholdDacOffset"...
> /home/axis/veasiroc-tools/yaml-tools/ChangeRegisterValue/bin/ChangeThresholdDacOffset -ud -- RegisterValue_16.yml -450
[ChangeThresholdDacOffset] file name: RegisterValue_16.yml    offset value: -450
[ChangeThresholdDacOffset] The Register Value file "RegisterValue_16.yml" has been recreated.
> /home/axis/veasiroc-tools/yaml-tools/ChangeRegisterValue/bin/ChangeThresholdDacOffset -ud -- RegisterValue_17.yml -450
[ChangeThresholdDacOffset] file name: RegisterValue_17.yml    offset value: -450
[ChangeThresholdDacOffset] The Register Value file "RegisterValue_17.yml" has been recreated.
> /home/axis/veasiroc-tools/yaml-tools/ChangeRegisterValue/bin/ChangeThresholdDacOffset -ud -- RegisterValue_19.yml -450
[ChangeThresholdDacOffset] file name: RegisterValue_19.yml    offset value: -450
[ChangeThresholdDacOffset] The Register Value file "RegisterValue_19.yml" has been recreated.
> /home/axis/veasiroc-tools/yaml-tools/ChangeRegisterValue/bin/ChangeThresholdDacOffset -ud -- RegisterValue_20.yml -450
[ChangeThresholdDacOffset] file name: RegisterValue_20.yml    offset value: -450
[ChangeThresholdDacOffset] The Register Value file "RegisterValue_20.yml" has been recreated.
> /home/axis/veasiroc-tools/yaml-tools/ChangeRegisterValue/bin/ChangeThresholdDacOffset -ud -- RegisterValue_21.yml -450
[ChangeThresholdDacOffset] file name: RegisterValue_21.yml    offset value: -450
[ChangeThresholdDacOffset] The Register Value file "RegisterValue_21.yml" has been recreated.
> /home/axis/veasiroc-tools/yaml-tools/ChangeRegisterValue/bin/ChangeThresholdDacOffset -ud -- RegisterValue_22.yml -450
[ChangeThresholdDacOffset] file name: RegisterValue_22.yml    offset value: -450
[ChangeThresholdDacOffset] The Register Value file "RegisterValue_22.yml" has been recreated.
> /home/axis/veasiroc-tools/yaml-tools/ChangeRegisterValue/bin/ChangeThresholdDacOffset -ud -- RegisterValue_23.yml -450
[ChangeThresholdDacOffset] file name: RegisterValue_23.yml    offset value: -450
[ChangeThresholdDacOffset] The Register Value file "RegisterValue_23.yml" has been recreated.
> /home/axis/veasiroc-tools/yaml-tools/ChangeRegisterValue/bin/ChangeThresholdDacOffset -ud -- RegisterValue_24.yml -450
[ChangeThresholdDacOffset] file name: RegisterValue_24.yml    offset value: -450
[ChangeThresholdDacOffset] The Register Value file "RegisterValue_24.yml" has been recreated.
> /home/axis/veasiroc-tools/yaml-tools/ChangeRegisterValue/bin/ChangeThresholdDacOffset -ud -- RegisterValue_25.yml -450
[ChangeThresholdDacOffset] file name: RegisterValue_25.yml    offset value: -450
[ChangeThresholdDacOffset] The Register Value file "RegisterValue_25.yml" has been recreated.
> /home/axis/veasiroc-tools/yaml-tools/ChangeRegisterValue/bin/ChangeThresholdDacOffset -ud -- RegisterValue_26.yml -450
[ChangeThresholdDacOffset] file name: RegisterValue_26.yml    offset value: -450
[ChangeThresholdDacOffset] The Register Value file "RegisterValue_26.yml" has been recreated.
> /home/axis/veasiroc-tools/yaml-tools/ChangeRegisterValue/bin/ChangeThresholdDacOffset -ud -- RegisterValue_27.yml -450
[ChangeThresholdDacOffset] file name: RegisterValue_27.yml    offset value: -450
[ChangeThresholdDacOffset] The Register Value file "RegisterValue_27.yml" has been recreated.
> /home/axis/veasiroc-tools/yaml-tools/ChangeRegisterValue/bin/ChangeThresholdDacOffset -ud -- RegisterValue_28.yml -450
[ChangeThresholdDacOffset] file name: RegisterValue_28.yml    offset value: -450
[ChangeThresholdDacOffset] The Register Value file "RegisterValue_28.yml" has been recreated.
> /home/axis/veasiroc-tools/yaml-tools/ChangeRegisterValue/bin/ChangeThresholdDacOffset -ud -- RegisterValue_29.yml -450
[ChangeThresholdDacOffset] file name: RegisterValue_29.yml    offset value: -450
[ChangeThresholdDacOffset] The Register Value file "RegisterValue_29.yml" has been recreated.
> /home/axis/veasiroc-tools/yaml-tools/ChangeRegisterValue/bin/ChangeThresholdDacOffset -ud -- RegisterValue_30.yml -450
[ChangeThresholdDacOffset] file name: RegisterValue_30.yml    offset value: -450
[ChangeThresholdDacOffset] The Register Value file "RegisterValue_30.yml" has been recreated.
> /home/axis/veasiroc-tools/yaml-tools/ChangeRegisterValue/bin/ChangeThresholdDacOffset -ud -- RegisterValue_31.yml -450
[ChangeThresholdDacOffset] file name: RegisterValue_31.yml    offset value: -450
[ChangeThresholdDacOffset] The Register Value file "RegisterValue_31.yml" has been recreated.
> /home/axis/veasiroc-tools/yaml-tools/ChangeRegisterValue/bin/ChangeThresholdDacOffset -ud -- RegisterValue_32.yml -450
[ChangeThresholdDacOffset] file name: RegisterValue_32.yml    offset value: -450
[ChangeThresholdDacOffset] The Register Value file "RegisterValue_32.yml" has been recreated.
> /home/axis/veasiroc-tools/yaml-tools/ChangeRegisterValue/bin/ChangeThresholdDacOffset -ud -- RegisterValue_33.yml -450
[ChangeThresholdDacOffset] file name: RegisterValue_33.yml    offset value: -450
[ChangeThresholdDacOffset] The Register Value file "RegisterValue_33.yml" has been recreated.
> /home/axis/veasiroc-tools/yaml-tools/ChangeRegisterValue/bin/ChangeThresholdDacOffset -ud -- RegisterValue_34.yml -450
[ChangeThresholdDacOffset] file name: RegisterValue_34.yml    offset value: -450
[ChangeThresholdDacOffset] The Register Value file "RegisterValue_34.yml" has been recreated.
> /home/axis/veasiroc-tools/yaml-tools/ChangeRegisterValue/bin/ChangeThresholdDacOffset -ud -- RegisterValue_35.yml -450
[ChangeThresholdDacOffset] file name: RegisterValue_35.yml    offset value: -450
[ChangeThresholdDacOffset] The Register Value file "RegisterValue_35.yml" has been recreated.
> /home/axis/veasiroc-tools/yaml-tools/ChangeRegisterValue/bin/ChangeThresholdDacOffset -ud -- RegisterValue_36.yml -450
[ChangeThresholdDacOffset] file name: RegisterValue_36.yml    offset value: -450
[ChangeThresholdDacOffset] The Register Value file "RegisterValue_36.yml" has been recreated.
> /home/axis/veasiroc-tools/yaml-tools/ChangeRegisterValue/bin/ChangeThresholdDacOffset -ud -- RegisterValue_37.yml -450
[ChangeThresholdDacOffset] file name: RegisterValue_37.yml    offset value: -450
[ChangeThresholdDacOffset] The Register Value file "RegisterValue_37.yml" has been recreated.
> /home/axis/veasiroc-tools/yaml-tools/ChangeRegisterValue/bin/ChangeThresholdDacOffset -ud -- RegisterValue_38.yml -450
[ChangeThresholdDacOffset] file name: RegisterValue_38.yml    offset value: -450
[ChangeThresholdDacOffset] The Register Value file "RegisterValue_38.yml" has been recreated.
> /home/axis/veasiroc-tools/yaml-tools/ChangeRegisterValue/bin/ChangeThresholdDacOffset -ud -- RegisterValue_39.yml -450
[ChangeThresholdDacOffset] file name: RegisterValue_39.yml    offset value: -450
[ChangeThresholdDacOffset] The Register Value file "RegisterValue_39.yml" has been recreated.
> /home/axis/veasiroc-tools/yaml-tools/ChangeRegisterValue/bin/ChangeThresholdDacOffset -ud -- RegisterValue_40.yml -450
[ChangeThresholdDacOffset] file name: RegisterValue_40.yml    offset value: -450
[ChangeThresholdDacOffset] The Register Value file "RegisterValue_40.yml" has been recreated.
> /home/axis/veasiroc-tools/yaml-tools/ChangeRegisterValue/bin/ChangeThresholdDacOffset -ud -- RegisterValue_41.yml -450
[ChangeThresholdDacOffset] file name: RegisterValue_41.yml    offset value: -450
[ChangeThresholdDacOffset] The Register Value file "RegisterValue_41.yml" has been recreated.
> /home/axis/veasiroc-tools/yaml-tools/ChangeRegisterValue/bin/ChangeThresholdDacOffset -ud -- RegisterValue_42.yml -450
[ChangeThresholdDacOffset] file name: RegisterValue_42.yml    offset value: -450
[ChangeThresholdDacOffset] The Register Value file "RegisterValue_42.yml" has been recreated.
> /home/axis/veasiroc-tools/yaml-tools/ChangeRegisterValue/bin/ChangeThresholdDacOffset -ud -- RegisterValue_43.yml -450
[ChangeThresholdDacOffset] file name: RegisterValue_43.yml    offset value: -450
[ChangeThresholdDacOffset] The Register Value file "RegisterValue_43.yml" has been recreated.
> /home/axis/veasiroc-tools/yaml-tools/ChangeRegisterValue/bin/ChangeThresholdDacOffset -ud -- RegisterValue_44.yml -450
[ChangeThresholdDacOffset] file name: RegisterValue_44.yml    offset value: -450
[ChangeThresholdDacOffset] The Register Value file "RegisterValue_44.yml" has been recreated.
> /home/axis/veasiroc-tools/yaml-tools/ChangeRegisterValue/bin/ChangeThresholdDacOffset -ud -- RegisterValue_45.yml -450
[ChangeThresholdDacOffset] file name: RegisterValue_45.yml    offset value: -450
[ChangeThresholdDacOffset] The Register Value file "RegisterValue_45.yml" has been recreated.
> /home/axis/veasiroc-tools/yaml-tools/ChangeRegisterValue/bin/ChangeThresholdDacOffset -ud -- RegisterValue_46.yml -450
[ChangeThresholdDacOffset] file name: RegisterValue_46.yml    offset value: -450
[ChangeThresholdDacOffset] The Register Value file "RegisterValue_46.yml" has been recreated.
> /home/axis/veasiroc-tools/yaml-tools/ChangeRegisterValue/bin/ChangeThresholdDacOffset -ud -- RegisterValue_47.yml -450
[ChangeThresholdDacOffset] file name: RegisterValue_47.yml    offset value: -450
[ChangeThresholdDacOffset] The Register Value file "RegisterValue_47.yml" has been recreated.
> /home/axis/veasiroc-tools/yaml-tools/ChangeRegisterValue/bin/ChangeThresholdDacOffset -ud -- RegisterValue_48.yml -450
[ChangeThresholdDacOffset] file name: RegisterValue_48.yml    offset value: -450
[ChangeThresholdDacOffset] The Register Value file "RegisterValue_48.yml" has been recreated.
> /home/axis/veasiroc-tools/yaml-tools/ChangeRegisterValue/bin/ChangeThresholdDacOffset -ud -- RegisterValue_49.yml -450
[ChangeThresholdDacOffset] file name: RegisterValue_49.yml    offset value: -450
[ChangeThresholdDacOffset] The Register Value file "RegisterValue_49.yml" has been recreated.
> /home/axis/veasiroc-tools/yaml-tools/ChangeRegisterValue/bin/ChangeThresholdDacOffset -ud -- RegisterValue_50.yml -450
[ChangeThresholdDacOffset] file name: RegisterValue_50.yml    offset value: -450
[ChangeThresholdDacOffset] The Register Value file "RegisterValue_50.yml" has been recreated.
> /home/axis/veasiroc-tools/yaml-tools/ChangeRegisterValue/bin/ChangeThresholdDacOffset -ud -- RegisterValue_51.yml -450
[ChangeThresholdDacOffset] file name: RegisterValue_51.yml    offset value: -450
[ChangeThresholdDacOffset] The Register Value file "RegisterValue_51.yml" has been recreated.
> /home/axis/veasiroc-tools/yaml-tools/ChangeRegisterValue/bin/ChangeThresholdDacOffset -ud -- RegisterValue_52.yml -450
[ChangeThresholdDacOffset] file name: RegisterValue_52.yml    offset value: -450
[ChangeThresholdDacOffset] The Register Value file "RegisterValue_52.yml" has been recreated.
> /home/axis/veasiroc-tools/yaml-tools/ChangeRegisterValue/bin/ChangeThresholdDacOffset -ud -- RegisterValue_53.yml -450
[ChangeThresholdDacOffset] file name: RegisterValue_53.yml    offset value: -450
[ChangeThresholdDacOffset] The Register Value file "RegisterValue_53.yml" has been recreated.
> /home/axis/veasiroc-tools/yaml-tools/ChangeRegisterValue/bin/ChangeThresholdDacOffset -ud -- RegisterValue_54.yml -450
[ChangeThresholdDacOffset] file name: RegisterValue_54.yml    offset value: -450
[ChangeThresholdDacOffset] The Register Value file "RegisterValue_54.yml" has been recreated.
> /home/axis/veasiroc-tools/yaml-tools/ChangeRegisterValue/bin/ChangeThresholdDacOffset -ud -- RegisterValue_55.yml -450
[ChangeThresholdDacOffset] file name: RegisterValue_55.yml    offset value: -450
[ChangeThresholdDacOffset] The Register Value file "RegisterValue_55.yml" has been recreated.
> /home/axis/veasiroc-tools/yaml-tools/ChangeRegisterValue/bin/ChangeThresholdDacOffset -ud -- RegisterValue_56.yml -450
[ChangeThresholdDacOffset] file name: RegisterValue_56.yml    offset value: -450
[ChangeThresholdDacOffset] The Register Value file "RegisterValue_56.yml" has been recreated.
> /home/axis/veasiroc-tools/yaml-tools/ChangeRegisterValue/bin/ChangeThresholdDacOffset -ud -- RegisterValue_57.yml -450
[ChangeThresholdDacOffset] file name: RegisterValue_57.yml    offset value: -450
[ChangeThresholdDacOffset] The Register Value file "RegisterValue_57.yml" has been recreated.
> /home/axis/veasiroc-tools/yaml-tools/ChangeRegisterValue/bin/ChangeThresholdDacOffset -ud -- RegisterValue_58.yml -450
[ChangeThresholdDacOffset] file name: RegisterValue_58.yml    offset value: -450
[ChangeThresholdDacOffset] The Register Value file "RegisterValue_58.yml" has been recreated.
> /home/axis/veasiroc-tools/yaml-tools/ChangeRegisterValue/bin/ChangeThresholdDacOffset -ud -- RegisterValue_59.yml -450
[ChangeThresholdDacOffset] file name: RegisterValue_59.yml    offset value: -450
[ChangeThresholdDacOffset] The Register Value file "RegisterValue_59.yml" has been recreated.
> /home/axis/veasiroc-tools/yaml-tools/ChangeRegisterValue/bin/ChangeThresholdDacOffset -ud -- RegisterValue_60.yml -450
[ChangeThresholdDacOffset] file name: RegisterValue_60.yml    offset value: -450
[ChangeThresholdDacOffset] The Register Value file "RegisterValue_60.yml" has been recreated.
> /home/axis/veasiroc-tools/yaml-tools/ChangeRegisterValue/bin/ChangeThresholdDacOffset -ud -- RegisterValue_61.yml -450
[ChangeThresholdDacOffset] file name: RegisterValue_61.yml    offset value: -450
[ChangeThresholdDacOffset] The Register Value file "RegisterValue_61.yml" has been recreated.
> /home/axis/veasiroc-tools/yaml-tools/ChangeRegisterValue/bin/ChangeThresholdDacOffset -ud -- RegisterValue_62.yml -450
[ChangeThresholdDacOffset] file name: RegisterValue_62.yml    offset value: -450
[ChangeThresholdDacOffset] The Register Value file "RegisterValue_62.yml" has been recreated.
> /home/axis/veasiroc-tools/yaml-tools/ChangeRegisterValue/bin/ChangeThresholdDacOffset -ud -- RegisterValue_63.yml -450
[ChangeThresholdDacOffset] file name: RegisterValue_63.yml    offset value: -450
[ChangeThresholdDacOffset] The Register Value file "RegisterValue_63.yml" has been recreated.
> /home/axis/veasiroc-tools/yaml-tools/ChangeRegisterValue/bin/ChangeThresholdDacOffset -ud -- RegisterValue_64.yml -450
[ChangeThresholdDacOffset] file name: RegisterValue_64.yml    offset value: -450
[ChangeThresholdDacOffset] The Register Value file "RegisterValue_64.yml" has been recreated.
> /home/axis/veasiroc-tools/yaml-tools/ChangeRegisterValue/bin/ChangeThresholdDacOffset -ud -- RegisterValue_65.yml -450
[ChangeThresholdDacOffset] file name: RegisterValue_65.yml    offset value: -450
[ChangeThresholdDacOffset] The Register Value file "RegisterValue_65.yml" has been recreated.
> /home/axis/veasiroc-tools/yaml-tools/ChangeRegisterValue/bin/ChangeThresholdDacOffset -ud -- RegisterValue_66.yml -450
[ChangeThresholdDacOffset] file name: RegisterValue_66.yml    offset value: -450
[ChangeThresholdDacOffset] The Register Value file "RegisterValue_66.yml" has been recreated.
> /home/axis/veasiroc-tools/yaml-tools/ChangeRegisterValue/bin/ChangeThresholdDacOffset -ud -- RegisterValue_67.yml -450
[ChangeThresholdDacOffset] file name: RegisterValue_67.yml    offset value: -450
[ChangeThresholdDacOffset] The Register Value file "RegisterValue_67.yml" has been recreated.
> /home/axis/veasiroc-tools/yaml-tools/ChangeRegisterValue/bin/ChangeThresholdDacOffset -ud -- RegisterValue_68.yml -450
[ChangeThresholdDacOffset] file name: RegisterValue_68.yml    offset value: -450
[ChangeThresholdDacOffset] The Register Value file "RegisterValue_68.yml" has been recreated.
> /home/axis/veasiroc-tools/yaml-tools/ChangeRegisterValue/bin/ChangeThresholdDacOffset -ud -- RegisterValue_69.yml -450
[ChangeThresholdDacOffset] file name: RegisterValue_69.yml    offset value: -450
[ChangeThresholdDacOffset] The Register Value file "RegisterValue_69.yml" has been recreated.
> /home/axis/veasiroc-tools/yaml-tools/ChangeRegisterValue/bin/ChangeThresholdDacOffset -ud -- RegisterValue_70.yml -450
[ChangeThresholdDacOffset] file name: RegisterValue_70.yml    offset value: -450
[ChangeThresholdDacOffset] The Register Value file "RegisterValue_70.yml" has been recreated.
> /home/axis/veasiroc-tools/yaml-tools/ChangeRegisterValue/bin/ChangeThresholdDacOffset -ud -- RegisterValue_71.yml -450
[ChangeThresholdDacOffset] file name: RegisterValue_71.yml    offset value: -450
[ChangeThresholdDacOffset] The Register Value file "RegisterValue_71.yml" has been recreated.
> /home/axis/veasiroc-tools/yaml-tools/ChangeRegisterValue/bin/ChangeThresholdDacOffset -ud -- RegisterValue_72.yml -450
[ChangeThresholdDacOffset] file name: RegisterValue_72.yml    offset value: -450
[ChangeThresholdDacOffset] The Register Value file "RegisterValue_72.yml" has been recreated.
> /home/axis/veasiroc-tools/yaml-tools/ChangeRegisterValue/bin/ChangeThresholdDacOffset -ud -- RegisterValue_73.yml -450
[ChangeThresholdDacOffset] file name: RegisterValue_73.yml    offset value: -450
[ChangeThresholdDacOffset] The Register Value file "RegisterValue_73.yml" has been recreated.
> /home/axis/veasiroc-tools/yaml-tools/ChangeRegisterValue/bin/ChangeThresholdDacOffset -ud -- RegisterValue_74.yml -450
[ChangeThresholdDacOffset] file name: RegisterValue_74.yml    offset value: -450
[ChangeThresholdDacOffset] The Register Value file "RegisterValue_74.yml" has been recreated.
> /home/axis/veasiroc-tools/yaml-tools/ChangeRegisterValue/bin/ChangeThresholdDacOffset -ud -- RegisterValue_75.yml -450
[ChangeThresholdDacOffset] file name: RegisterValue_75.yml    offset value: -450
[ChangeThresholdDacOffset] The Register Value file "RegisterValue_75.yml" has been recreated.
> /home/axis/veasiroc-tools/yaml-tools/ChangeRegisterValue/bin/ChangeThresholdDacOffset -ud -- RegisterValue_76.yml -450
[ChangeThresholdDacOffset] file name: RegisterValue_76.yml    offset value: -450
[ChangeThresholdDacOffset] The Register Value file "RegisterValue_76.yml" has been recreated.
> /home/axis/veasiroc-tools/yaml-tools/ChangeRegisterValue/bin/ChangeThresholdDacOffset -ud -- RegisterValue_77.yml -450
[ChangeThresholdDacOffset] file name: RegisterValue_77.yml    offset value: -450
[ChangeThresholdDacOffset] The Register Value file "RegisterValue_77.yml" has been recreated.
> /home/axis/veasiroc-tools/yaml-tools/ChangeRegisterValue/bin/ChangeThresholdDacOffset -ud -- RegisterValue_78.yml -450
[ChangeThresholdDacOffset] file name: RegisterValue_78.yml    offset value: -450
[ChangeThresholdDacOffset] The Register Value file "RegisterValue_78.yml" has been recreated.
> /home/axis/veasiroc-tools/yaml-tools/ChangeRegisterValue/bin/ChangeThresholdDacOffset -ud -- RegisterValue_79.yml -450
[ChangeThresholdDacOffset] file name: RegisterValue_79.yml    offset value: -450
[ChangeThresholdDacOffset] The Register Value file "RegisterValue_79.yml" has been recreated.
> /home/axis/veasiroc-tools/yaml-tools/ChangeRegisterValue/bin/ChangeThresholdDacOffset -ud -- RegisterValue_80.yml -450
[ChangeThresholdDacOffset] file name: RegisterValue_80.yml    offset value: -450
[ChangeThresholdDacOffset] The Register Value file "RegisterValue_80.yml" has been recreated.
> /home/axis/veasiroc-tools/yaml-tools/ChangeRegisterValue/bin/ChangeThresholdDacOffset -ud -- RegisterValue_81.yml -450
[ChangeThresholdDacOffset] file name: RegisterValue_81.yml    offset value: -450
[ChangeThresholdDacOffset] The Register Value file "RegisterValue_81.yml" has been recreated.
> /home/axis/veasiroc-tools/yaml-tools/ChangeRegisterValue/bin/ChangeThresholdDacOffset -ud -- RegisterValue_82.yml -450
[ChangeThresholdDacOffset] file name: RegisterValue_82.yml    offset value: -450
[ChangeThresholdDacOffset] The Register Value file "RegisterValue_82.yml" has been recreated.
> /home/axis/veasiroc-tools/yaml-tools/ChangeRegisterValue/bin/ChangeThresholdDacOffset -ud -- RegisterValue_83.yml -450
[ChangeThresholdDacOffset] file name: RegisterValue_83.yml    offset value: -450
[ChangeThresholdDacOffset] The Register Value file "RegisterValue_83.yml" has been recreated.
> /home/axis/veasiroc-tools/yaml-tools/ChangeRegisterValue/bin/ChangeThresholdDacOffset -ud -- RegisterValue_84.yml -450
[ChangeThresholdDacOffset] file name: RegisterValue_84.yml    offset value: -450
[ChangeThresholdDacOffset] The Register Value file "RegisterValue_84.yml" has been recreated.
> /home/axis/veasiroc-tools/yaml-tools/ChangeRegisterValue/bin/ChangeThresholdDacOffset -ud -- RegisterValue_85.yml -450
[ChangeThresholdDacOffset] file name: RegisterValue_85.yml    offset value: -450
[ChangeThresholdDacOffset] The Register Value file "RegisterValue_85.yml" has been recreated.
> /home/axis/veasiroc-tools/yaml-tools/ChangeRegisterValue/bin/ChangeThresholdDacOffset -ud -- RegisterValue_86.yml -450
[ChangeThresholdDacOffset] file name: RegisterValue_86.yml    offset value: -450
[ChangeThresholdDacOffset] The Register Value file "RegisterValue_86.yml" has been recreated.
> /home/axis/veasiroc-tools/yaml-tools/ChangeRegisterValue/bin/ChangeThresholdDacOffset -ud -- RegisterValue_87.yml -450
[ChangeThresholdDacOffset] file name: RegisterValue_87.yml    offset value: -450
[ChangeThresholdDacOffset] The Register Value file "RegisterValue_87.yml" has been recreated.
> /home/axis/veasiroc-tools/yaml-tools/ChangeRegisterValue/bin/ChangeThresholdDacOffset -ud -- RegisterValue_88.yml -450
[ChangeThresholdDacOffset] file name: RegisterValue_88.yml    offset value: -450
[ChangeThresholdDacOffset] The Register Value file "RegisterValue_88.yml" has been recreated.
> /home/axis/veasiroc-tools/yaml-tools/ChangeRegisterValue/bin/ChangeThresholdDacOffset -ud -- RegisterValue_89.yml -450
[ChangeThresholdDacOffset] file name: RegisterValue_89.yml    offset value: -450
[ChangeThresholdDacOffset] The Register Value file "RegisterValue_89.yml" has been recreated.
> /home/axis/veasiroc-tools/yaml-tools/ChangeRegisterValue/bin/ChangeThresholdDacOffset -ud -- RegisterValue_90.yml -450
[ChangeThresholdDacOffset] file name: RegisterValue_90.yml    offset value: -450
[ChangeThresholdDacOffset] The Register Value file "RegisterValue_90.yml" has been recreated.
> /home/axis/veasiroc-tools/yaml-tools/ChangeRegisterValue/bin/ChangeThresholdDacOffset -ud -- RegisterValue_91.yml -450
[ChangeThresholdDacOffset] file name: RegisterValue_91.yml    offset value: -450
[ChangeThresholdDacOffset] The Register Value file "RegisterValue_91.yml" has been recreated.
> /home/axis/veasiroc-tools/yaml-tools/ChangeRegisterValue/bin/ChangeThresholdDacOffset -ud -- RegisterValue_92.yml -450
[ChangeThresholdDacOffset] file name: RegisterValue_92.yml    offset value: -450
[ChangeThresholdDacOffset] The Register Value file "RegisterValue_92.yml" has been recreated.
> /home/axis/veasiroc-tools/yaml-tools/ChangeRegisterValue/bin/ChangeThresholdDacOffset -ud -- RegisterValue_93.yml -450
[ChangeThresholdDacOffset] file name: RegisterValue_93.yml    offset value: -450
[ChangeThresholdDacOffset] The Register Value file "RegisterValue_93.yml" has been recreated.
> /home/axis/veasiroc-tools/yaml-tools/ChangeRegisterValue/bin/ChangeThresholdDacOffset -ud -- RegisterValue_94.yml -450
[ChangeThresholdDacOffset] file name: RegisterValue_94.yml    offset value: -450
[ChangeThresholdDacOffset] The Register Value file "RegisterValue_94.yml" has been recreated.
> /home/axis/veasiroc-tools/yaml-tools/ChangeRegisterValue/bin/ChangeThresholdDacOffset -ud -- RegisterValue_95.yml -450
[ChangeThresholdDacOffset] file name: RegisterValue_95.yml    offset value: -450
[ChangeThresholdDacOffset] The Register Value file "RegisterValue_95.yml" has been recreated.
Done!
###########################################################
###########################################################
Wed Apr 30 01:37:21 PM JST 2025
Running the program "ChangeThresholdDacOffset"...
> /home/axis/veasiroc-tools/yaml-tools/ChangeRegisterValue/bin/ChangeThresholdDacOffset -ud -- RegisterValue_16.yml -400
[ChangeThresholdDacOffset] file name: RegisterValue_16.yml    offset value: -400
[ChangeThresholdDacOffset] The Register Value file "RegisterValue_16.yml" has been recreated.
> /home/axis/veasiroc-tools/yaml-tools/ChangeRegisterValue/bin/ChangeThresholdDacOffset -ud -- RegisterValue_17.yml -400
[ChangeThresholdDacOffset] file name: RegisterValue_17.yml    offset value: -400
[ChangeThresholdDacOffset] The Register Value file "RegisterValue_17.yml" has been recreated.
> /home/axis/veasiroc-tools/yaml-tools/ChangeRegisterValue/bin/ChangeThresholdDacOffset -ud -- RegisterValue_19.yml -400
[ChangeThresholdDacOffset] file name: RegisterValue_19.yml    offset value: -400
[ChangeThresholdDacOffset] The Register Value file "RegisterValue_19.yml" has been recreated.
> /home/axis/veasiroc-tools/yaml-tools/ChangeRegisterValue/bin/ChangeThresholdDacOffset -ud -- RegisterValue_20.yml -400
[ChangeThresholdDacOffset] file name: RegisterValue_20.yml    offset value: -400
[ChangeThresholdDacOffset] The Register Value file "RegisterValue_20.yml" has been recreated.
> /home/axis/veasiroc-tools/yaml-tools/ChangeRegisterValue/bin/ChangeThresholdDacOffset -ud -- RegisterValue_21.yml -400
[ChangeThresholdDacOffset] file name: RegisterValue_21.yml    offset value: -400
[ChangeThresholdDacOffset] The Register Value file "RegisterValue_21.yml" has been recreated.
> /home/axis/veasiroc-tools/yaml-tools/ChangeRegisterValue/bin/ChangeThresholdDacOffset -ud -- RegisterValue_22.yml -400
[ChangeThresholdDacOffset] file name: RegisterValue_22.yml    offset value: -400
[ChangeThresholdDacOffset] The Register Value file "RegisterValue_22.yml" has been recreated.
> /home/axis/veasiroc-tools/yaml-tools/ChangeRegisterValue/bin/ChangeThresholdDacOffset -ud -- RegisterValue_23.yml -400
[ChangeThresholdDacOffset] file name: RegisterValue_23.yml    offset value: -400
[ChangeThresholdDacOffset] The Register Value file "RegisterValue_23.yml" has been recreated.
> /home/axis/veasiroc-tools/yaml-tools/ChangeRegisterValue/bin/ChangeThresholdDacOffset -ud -- RegisterValue_24.yml -400
[ChangeThresholdDacOffset] file name: RegisterValue_24.yml    offset value: -400
[ChangeThresholdDacOffset] The Register Value file "RegisterValue_24.yml" has been recreated.
> /home/axis/veasiroc-tools/yaml-tools/ChangeRegisterValue/bin/ChangeThresholdDacOffset -ud -- RegisterValue_25.yml -400
[ChangeThresholdDacOffset] file name: RegisterValue_25.yml    offset value: -400
[ChangeThresholdDacOffset] The Register Value file "RegisterValue_25.yml" has been recreated.
> /home/axis/veasiroc-tools/yaml-tools/ChangeRegisterValue/bin/ChangeThresholdDacOffset -ud -- RegisterValue_26.yml -400
[ChangeThresholdDacOffset] file name: RegisterValue_26.yml    offset value: -400
[ChangeThresholdDacOffset] The Register Value file "RegisterValue_26.yml" has been recreated.
> /home/axis/veasiroc-tools/yaml-tools/ChangeRegisterValue/bin/ChangeThresholdDacOffset -ud -- RegisterValue_27.yml -400
[ChangeThresholdDacOffset] file name: RegisterValue_27.yml    offset value: -400
[ChangeThresholdDacOffset] The Register Value file "RegisterValue_27.yml" has been recreated.
> /home/axis/veasiroc-tools/yaml-tools/ChangeRegisterValue/bin/ChangeThresholdDacOffset -ud -- RegisterValue_28.yml -400
[ChangeThresholdDacOffset] file name: RegisterValue_28.yml    offset value: -400
[ChangeThresholdDacOffset] The Register Value file "RegisterValue_28.yml" has been recreated.
> /home/axis/veasiroc-tools/yaml-tools/ChangeRegisterValue/bin/ChangeThresholdDacOffset -ud -- RegisterValue_29.yml -400
[ChangeThresholdDacOffset] file name: RegisterValue_29.yml    offset value: -400
[ChangeThresholdDacOffset] The Register Value file "RegisterValue_29.yml" has been recreated.
> /home/axis/veasiroc-tools/yaml-tools/ChangeRegisterValue/bin/ChangeThresholdDacOffset -ud -- RegisterValue_30.yml -400
[ChangeThresholdDacOffset] file name: RegisterValue_30.yml    offset value: -400
[ChangeThresholdDacOffset] The Register Value file "RegisterValue_30.yml" has been recreated.
> /home/axis/veasiroc-tools/yaml-tools/ChangeRegisterValue/bin/ChangeThresholdDacOffset -ud -- RegisterValue_31.yml -400
[ChangeThresholdDacOffset] file name: RegisterValue_31.yml    offset value: -400
[ChangeThresholdDacOffset] The Register Value file "RegisterValue_31.yml" has been recreated.
> /home/axis/veasiroc-tools/yaml-tools/ChangeRegisterValue/bin/ChangeThresholdDacOffset -ud -- RegisterValue_32.yml -400
[ChangeThresholdDacOffset] file name: RegisterValue_32.yml    offset value: -400
[ChangeThresholdDacOffset] The Register Value file "RegisterValue_32.yml" has been recreated.
> /home/axis/veasiroc-tools/yaml-tools/ChangeRegisterValue/bin/ChangeThresholdDacOffset -ud -- RegisterValue_33.yml -400
[ChangeThresholdDacOffset] file name: RegisterValue_33.yml    offset value: -400
[ChangeThresholdDacOffset] The Register Value file "RegisterValue_33.yml" has been recreated.
> /home/axis/veasiroc-tools/yaml-tools/ChangeRegisterValue/bin/ChangeThresholdDacOffset -ud -- RegisterValue_34.yml -400
[ChangeThresholdDacOffset] file name: RegisterValue_34.yml    offset value: -400
[ChangeThresholdDacOffset] The Register Value file "RegisterValue_34.yml" has been recreated.
> /home/axis/veasiroc-tools/yaml-tools/ChangeRegisterValue/bin/ChangeThresholdDacOffset -ud -- RegisterValue_35.yml -400
[ChangeThresholdDacOffset] file name: RegisterValue_35.yml    offset value: -400
[ChangeThresholdDacOffset] The Register Value file "RegisterValue_35.yml" has been recreated.
> /home/axis/veasiroc-tools/yaml-tools/ChangeRegisterValue/bin/ChangeThresholdDacOffset -ud -- RegisterValue_36.yml -400
[ChangeThresholdDacOffset] file name: RegisterValue_36.yml    offset value: -400
[ChangeThresholdDacOffset] The Register Value file "RegisterValue_36.yml" has been recreated.
> /home/axis/veasiroc-tools/yaml-tools/ChangeRegisterValue/bin/ChangeThresholdDacOffset -ud -- RegisterValue_37.yml -400
[ChangeThresholdDacOffset] file name: RegisterValue_37.yml    offset value: -400
[ChangeThresholdDacOffset] The Register Value file "RegisterValue_37.yml" has been recreated.
> /home/axis/veasiroc-tools/yaml-tools/ChangeRegisterValue/bin/ChangeThresholdDacOffset -ud -- RegisterValue_38.yml -400
[ChangeThresholdDacOffset] file name: RegisterValue_38.yml    offset value: -400
[ChangeThresholdDacOffset] The Register Value file "RegisterValue_38.yml" has been recreated.
> /home/axis/veasiroc-tools/yaml-tools/ChangeRegisterValue/bin/ChangeThresholdDacOffset -ud -- RegisterValue_39.yml -400
[ChangeThresholdDacOffset] file name: RegisterValue_39.yml    offset value: -400
[ChangeThresholdDacOffset] The Register Value file "RegisterValue_39.yml" has been recreated.
> /home/axis/veasiroc-tools/yaml-tools/ChangeRegisterValue/bin/ChangeThresholdDacOffset -ud -- RegisterValue_40.yml -400
[ChangeThresholdDacOffset] file name: RegisterValue_40.yml    offset value: -400
[ChangeThresholdDacOffset] The Register Value file "RegisterValue_40.yml" has been recreated.
> /home/axis/veasiroc-tools/yaml-tools/ChangeRegisterValue/bin/ChangeThresholdDacOffset -ud -- RegisterValue_41.yml -400
[ChangeThresholdDacOffset] file name: RegisterValue_41.yml    offset value: -400
[ChangeThresholdDacOffset] The Register Value file "RegisterValue_41.yml" has been recreated.
> /home/axis/veasiroc-tools/yaml-tools/ChangeRegisterValue/bin/ChangeThresholdDacOffset -ud -- RegisterValue_42.yml -400
[ChangeThresholdDacOffset] file name: RegisterValue_42.yml    offset value: -400
[ChangeThresholdDacOffset] The Register Value file "RegisterValue_42.yml" has been recreated.
> /home/axis/veasiroc-tools/yaml-tools/ChangeRegisterValue/bin/ChangeThresholdDacOffset -ud -- RegisterValue_43.yml -400
[ChangeThresholdDacOffset] file name: RegisterValue_43.yml    offset value: -400
[ChangeThresholdDacOffset] The Register Value file "RegisterValue_43.yml" has been recreated.
> /home/axis/veasiroc-tools/yaml-tools/ChangeRegisterValue/bin/ChangeThresholdDacOffset -ud -- RegisterValue_44.yml -400
[ChangeThresholdDacOffset] file name: RegisterValue_44.yml    offset value: -400
[ChangeThresholdDacOffset] The Register Value file "RegisterValue_44.yml" has been recreated.
> /home/axis/veasiroc-tools/yaml-tools/ChangeRegisterValue/bin/ChangeThresholdDacOffset -ud -- RegisterValue_45.yml -400
[ChangeThresholdDacOffset] file name: RegisterValue_45.yml    offset value: -400
[ChangeThresholdDacOffset] The Register Value file "RegisterValue_45.yml" has been recreated.
> /home/axis/veasiroc-tools/yaml-tools/ChangeRegisterValue/bin/ChangeThresholdDacOffset -ud -- RegisterValue_46.yml -400
[ChangeThresholdDacOffset] file name: RegisterValue_46.yml    offset value: -400
[ChangeThresholdDacOffset] The Register Value file "RegisterValue_46.yml" has been recreated.
> /home/axis/veasiroc-tools/yaml-tools/ChangeRegisterValue/bin/ChangeThresholdDacOffset -ud -- RegisterValue_47.yml -400
[ChangeThresholdDacOffset] file name: RegisterValue_47.yml    offset value: -400
[ChangeThresholdDacOffset] The Register Value file "RegisterValue_47.yml" has been recreated.
> /home/axis/veasiroc-tools/yaml-tools/ChangeRegisterValue/bin/ChangeThresholdDacOffset -ud -- RegisterValue_48.yml -400
[ChangeThresholdDacOffset] file name: RegisterValue_48.yml    offset value: -400
[ChangeThresholdDacOffset] The Register Value file "RegisterValue_48.yml" has been recreated.
> /home/axis/veasiroc-tools/yaml-tools/ChangeRegisterValue/bin/ChangeThresholdDacOffset -ud -- RegisterValue_49.yml -400
[ChangeThresholdDacOffset] file name: RegisterValue_49.yml    offset value: -400
[ChangeThresholdDacOffset] The Register Value file "RegisterValue_49.yml" has been recreated.
> /home/axis/veasiroc-tools/yaml-tools/ChangeRegisterValue/bin/ChangeThresholdDacOffset -ud -- RegisterValue_50.yml -400
[ChangeThresholdDacOffset] file name: RegisterValue_50.yml    offset value: -400
[ChangeThresholdDacOffset] The Register Value file "RegisterValue_50.yml" has been recreated.
> /home/axis/veasiroc-tools/yaml-tools/ChangeRegisterValue/bin/ChangeThresholdDacOffset -ud -- RegisterValue_51.yml -400
[ChangeThresholdDacOffset] file name: RegisterValue_51.yml    offset value: -400
[ChangeThresholdDacOffset] The Register Value file "RegisterValue_51.yml" has been recreated.
> /home/axis/veasiroc-tools/yaml-tools/ChangeRegisterValue/bin/ChangeThresholdDacOffset -ud -- RegisterValue_52.yml -400
[ChangeThresholdDacOffset] file name: RegisterValue_52.yml    offset value: -400
[ChangeThresholdDacOffset] The Register Value file "RegisterValue_52.yml" has been recreated.
> /home/axis/veasiroc-tools/yaml-tools/ChangeRegisterValue/bin/ChangeThresholdDacOffset -ud -- RegisterValue_53.yml -400
[ChangeThresholdDacOffset] file name: RegisterValue_53.yml    offset value: -400
[ChangeThresholdDacOffset] The Register Value file "RegisterValue_53.yml" has been recreated.
> /home/axis/veasiroc-tools/yaml-tools/ChangeRegisterValue/bin/ChangeThresholdDacOffset -ud -- RegisterValue_54.yml -400
[ChangeThresholdDacOffset] file name: RegisterValue_54.yml    offset value: -400
[ChangeThresholdDacOffset] The Register Value file "RegisterValue_54.yml" has been recreated.
> /home/axis/veasiroc-tools/yaml-tools/ChangeRegisterValue/bin/ChangeThresholdDacOffset -ud -- RegisterValue_55.yml -400
[ChangeThresholdDacOffset] file name: RegisterValue_55.yml    offset value: -400
[ChangeThresholdDacOffset] The Register Value file "RegisterValue_55.yml" has been recreated.
> /home/axis/veasiroc-tools/yaml-tools/ChangeRegisterValue/bin/ChangeThresholdDacOffset -ud -- RegisterValue_56.yml -400
[ChangeThresholdDacOffset] file name: RegisterValue_56.yml    offset value: -400
[ChangeThresholdDacOffset] The Register Value file "RegisterValue_56.yml" has been recreated.
> /home/axis/veasiroc-tools/yaml-tools/ChangeRegisterValue/bin/ChangeThresholdDacOffset -ud -- RegisterValue_57.yml -400
[ChangeThresholdDacOffset] file name: RegisterValue_57.yml    offset value: -400
[ChangeThresholdDacOffset] The Register Value file "RegisterValue_57.yml" has been recreated.
> /home/axis/veasiroc-tools/yaml-tools/ChangeRegisterValue/bin/ChangeThresholdDacOffset -ud -- RegisterValue_58.yml -400
[ChangeThresholdDacOffset] file name: RegisterValue_58.yml    offset value: -400
[ChangeThresholdDacOffset] The Register Value file "RegisterValue_58.yml" has been recreated.
> /home/axis/veasiroc-tools/yaml-tools/ChangeRegisterValue/bin/ChangeThresholdDacOffset -ud -- RegisterValue_59.yml -400
[ChangeThresholdDacOffset] file name: RegisterValue_59.yml    offset value: -400
[ChangeThresholdDacOffset] The Register Value file "RegisterValue_59.yml" has been recreated.
> /home/axis/veasiroc-tools/yaml-tools/ChangeRegisterValue/bin/ChangeThresholdDacOffset -ud -- RegisterValue_60.yml -400
[ChangeThresholdDacOffset] file name: RegisterValue_60.yml    offset value: -400
[ChangeThresholdDacOffset] The Register Value file "RegisterValue_60.yml" has been recreated.
> /home/axis/veasiroc-tools/yaml-tools/ChangeRegisterValue/bin/ChangeThresholdDacOffset -ud -- RegisterValue_61.yml -400
[ChangeThresholdDacOffset] file name: RegisterValue_61.yml    offset value: -400
[ChangeThresholdDacOffset] The Register Value file "RegisterValue_61.yml" has been recreated.
> /home/axis/veasiroc-tools/yaml-tools/ChangeRegisterValue/bin/ChangeThresholdDacOffset -ud -- RegisterValue_62.yml -400
[ChangeThresholdDacOffset] file name: RegisterValue_62.yml    offset value: -400
[ChangeThresholdDacOffset] The Register Value file "RegisterValue_62.yml" has been recreated.
> /home/axis/veasiroc-tools/yaml-tools/ChangeRegisterValue/bin/ChangeThresholdDacOffset -ud -- RegisterValue_63.yml -400
[ChangeThresholdDacOffset] file name: RegisterValue_63.yml    offset value: -400
[ChangeThresholdDacOffset] The Register Value file "RegisterValue_63.yml" has been recreated.
> /home/axis/veasiroc-tools/yaml-tools/ChangeRegisterValue/bin/ChangeThresholdDacOffset -ud -- RegisterValue_64.yml -400
[ChangeThresholdDacOffset] file name: RegisterValue_64.yml    offset value: -400
[ChangeThresholdDacOffset] The Register Value file "RegisterValue_64.yml" has been recreated.
> /home/axis/veasiroc-tools/yaml-tools/ChangeRegisterValue/bin/ChangeThresholdDacOffset -ud -- RegisterValue_65.yml -400
[ChangeThresholdDacOffset] file name: RegisterValue_65.yml    offset value: -400
[ChangeThresholdDacOffset] The Register Value file "RegisterValue_65.yml" has been recreated.
> /home/axis/veasiroc-tools/yaml-tools/ChangeRegisterValue/bin/ChangeThresholdDacOffset -ud -- RegisterValue_66.yml -400
[ChangeThresholdDacOffset] file name: RegisterValue_66.yml    offset value: -400
[ChangeThresholdDacOffset] The Register Value file "RegisterValue_66.yml" has been recreated.
> /home/axis/veasiroc-tools/yaml-tools/ChangeRegisterValue/bin/ChangeThresholdDacOffset -ud -- RegisterValue_67.yml -400
[ChangeThresholdDacOffset] file name: RegisterValue_67.yml    offset value: -400
[ChangeThresholdDacOffset] The Register Value file "RegisterValue_67.yml" has been recreated.
> /home/axis/veasiroc-tools/yaml-tools/ChangeRegisterValue/bin/ChangeThresholdDacOffset -ud -- RegisterValue_68.yml -400
[ChangeThresholdDacOffset] file name: RegisterValue_68.yml    offset value: -400
[ChangeThresholdDacOffset] The Register Value file "RegisterValue_68.yml" has been recreated.
> /home/axis/veasiroc-tools/yaml-tools/ChangeRegisterValue/bin/ChangeThresholdDacOffset -ud -- RegisterValue_69.yml -400
[ChangeThresholdDacOffset] file name: RegisterValue_69.yml    offset value: -400
[ChangeThresholdDacOffset] The Register Value file "RegisterValue_69.yml" has been recreated.
> /home/axis/veasiroc-tools/yaml-tools/ChangeRegisterValue/bin/ChangeThresholdDacOffset -ud -- RegisterValue_70.yml -400
[ChangeThresholdDacOffset] file name: RegisterValue_70.yml    offset value: -400
[ChangeThresholdDacOffset] The Register Value file "RegisterValue_70.yml" has been recreated.
> /home/axis/veasiroc-tools/yaml-tools/ChangeRegisterValue/bin/ChangeThresholdDacOffset -ud -- RegisterValue_71.yml -400
[ChangeThresholdDacOffset] file name: RegisterValue_71.yml    offset value: -400
[ChangeThresholdDacOffset] The Register Value file "RegisterValue_71.yml" has been recreated.
> /home/axis/veasiroc-tools/yaml-tools/ChangeRegisterValue/bin/ChangeThresholdDacOffset -ud -- RegisterValue_72.yml -400
[ChangeThresholdDacOffset] file name: RegisterValue_72.yml    offset value: -400
[ChangeThresholdDacOffset] The Register Value file "RegisterValue_72.yml" has been recreated.
> /home/axis/veasiroc-tools/yaml-tools/ChangeRegisterValue/bin/ChangeThresholdDacOffset -ud -- RegisterValue_73.yml -400
[ChangeThresholdDacOffset] file name: RegisterValue_73.yml    offset value: -400
[ChangeThresholdDacOffset] The Register Value file "RegisterValue_73.yml" has been recreated.
> /home/axis/veasiroc-tools/yaml-tools/ChangeRegisterValue/bin/ChangeThresholdDacOffset -ud -- RegisterValue_74.yml -400
[ChangeThresholdDacOffset] file name: RegisterValue_74.yml    offset value: -400
[ChangeThresholdDacOffset] The Register Value file "RegisterValue_74.yml" has been recreated.
> /home/axis/veasiroc-tools/yaml-tools/ChangeRegisterValue/bin/ChangeThresholdDacOffset -ud -- RegisterValue_75.yml -400
[ChangeThresholdDacOffset] file name: RegisterValue_75.yml    offset value: -400
[ChangeThresholdDacOffset] The Register Value file "RegisterValue_75.yml" has been recreated.
> /home/axis/veasiroc-tools/yaml-tools/ChangeRegisterValue/bin/ChangeThresholdDacOffset -ud -- RegisterValue_76.yml -400
[ChangeThresholdDacOffset] file name: RegisterValue_76.yml    offset value: -400
[ChangeThresholdDacOffset] The Register Value file "RegisterValue_76.yml" has been recreated.
> /home/axis/veasiroc-tools/yaml-tools/ChangeRegisterValue/bin/ChangeThresholdDacOffset -ud -- RegisterValue_77.yml -400
[ChangeThresholdDacOffset] file name: RegisterValue_77.yml    offset value: -400
[ChangeThresholdDacOffset] The Register Value file "RegisterValue_77.yml" has been recreated.
> /home/axis/veasiroc-tools/yaml-tools/ChangeRegisterValue/bin/ChangeThresholdDacOffset -ud -- RegisterValue_78.yml -400
[ChangeThresholdDacOffset] file name: RegisterValue_78.yml    offset value: -400
[ChangeThresholdDacOffset] The Register Value file "RegisterValue_78.yml" has been recreated.
> /home/axis/veasiroc-tools/yaml-tools/ChangeRegisterValue/bin/ChangeThresholdDacOffset -ud -- RegisterValue_79.yml -400
[ChangeThresholdDacOffset] file name: RegisterValue_79.yml    offset value: -400
[ChangeThresholdDacOffset] The Register Value file "RegisterValue_79.yml" has been recreated.
> /home/axis/veasiroc-tools/yaml-tools/ChangeRegisterValue/bin/ChangeThresholdDacOffset -ud -- RegisterValue_80.yml -400
[ChangeThresholdDacOffset] file name: RegisterValue_80.yml    offset value: -400
[ChangeThresholdDacOffset] The Register Value file "RegisterValue_80.yml" has been recreated.
> /home/axis/veasiroc-tools/yaml-tools/ChangeRegisterValue/bin/ChangeThresholdDacOffset -ud -- RegisterValue_81.yml -400
[ChangeThresholdDacOffset] file name: RegisterValue_81.yml    offset value: -400
[ChangeThresholdDacOffset] The Register Value file "RegisterValue_81.yml" has been recreated.
> /home/axis/veasiroc-tools/yaml-tools/ChangeRegisterValue/bin/ChangeThresholdDacOffset -ud -- RegisterValue_82.yml -400
[ChangeThresholdDacOffset] file name: RegisterValue_82.yml    offset value: -400
[ChangeThresholdDacOffset] The Register Value file "RegisterValue_82.yml" has been recreated.
> /home/axis/veasiroc-tools/yaml-tools/ChangeRegisterValue/bin/ChangeThresholdDacOffset -ud -- RegisterValue_83.yml -400
[ChangeThresholdDacOffset] file name: RegisterValue_83.yml    offset value: -400
[ChangeThresholdDacOffset] The Register Value file "RegisterValue_83.yml" has been recreated.
> /home/axis/veasiroc-tools/yaml-tools/ChangeRegisterValue/bin/ChangeThresholdDacOffset -ud -- RegisterValue_84.yml -400
[ChangeThresholdDacOffset] file name: RegisterValue_84.yml    offset value: -400
[ChangeThresholdDacOffset] The Register Value file "RegisterValue_84.yml" has been recreated.
> /home/axis/veasiroc-tools/yaml-tools/ChangeRegisterValue/bin/ChangeThresholdDacOffset -ud -- RegisterValue_85.yml -400
[ChangeThresholdDacOffset] file name: RegisterValue_85.yml    offset value: -400
[ChangeThresholdDacOffset] The Register Value file "RegisterValue_85.yml" has been recreated.
> /home/axis/veasiroc-tools/yaml-tools/ChangeRegisterValue/bin/ChangeThresholdDacOffset -ud -- RegisterValue_86.yml -400
[ChangeThresholdDacOffset] file name: RegisterValue_86.yml    offset value: -400
[ChangeThresholdDacOffset] The Register Value file "RegisterValue_86.yml" has been recreated.
> /home/axis/veasiroc-tools/yaml-tools/ChangeRegisterValue/bin/ChangeThresholdDacOffset -ud -- RegisterValue_87.yml -400
[ChangeThresholdDacOffset] file name: RegisterValue_87.yml    offset value: -400
[ChangeThresholdDacOffset] The Register Value file "RegisterValue_87.yml" has been recreated.
> /home/axis/veasiroc-tools/yaml-tools/ChangeRegisterValue/bin/ChangeThresholdDacOffset -ud -- RegisterValue_88.yml -400
[ChangeThresholdDacOffset] file name: RegisterValue_88.yml    offset value: -400
[ChangeThresholdDacOffset] The Register Value file "RegisterValue_88.yml" has been recreated.
> /home/axis/veasiroc-tools/yaml-tools/ChangeRegisterValue/bin/ChangeThresholdDacOffset -ud -- RegisterValue_89.yml -400
[ChangeThresholdDacOffset] file name: RegisterValue_89.yml    offset value: -400
[ChangeThresholdDacOffset] The Register Value file "RegisterValue_89.yml" has been recreated.
> /home/axis/veasiroc-tools/yaml-tools/ChangeRegisterValue/bin/ChangeThresholdDacOffset -ud -- RegisterValue_90.yml -400
[ChangeThresholdDacOffset] file name: RegisterValue_90.yml    offset value: -400
[ChangeThresholdDacOffset] The Register Value file "RegisterValue_90.yml" has been recreated.
> /home/axis/veasiroc-tools/yaml-tools/ChangeRegisterValue/bin/ChangeThresholdDacOffset -ud -- RegisterValue_91.yml -400
[ChangeThresholdDacOffset] file name: RegisterValue_91.yml    offset value: -400
[ChangeThresholdDacOffset] The Register Value file "RegisterValue_91.yml" has been recreated.
> /home/axis/veasiroc-tools/yaml-tools/ChangeRegisterValue/bin/ChangeThresholdDacOffset -ud -- RegisterValue_92.yml -400
[ChangeThresholdDacOffset] file name: RegisterValue_92.yml    offset value: -400
[ChangeThresholdDacOffset] The Register Value file "RegisterValue_92.yml" has been recreated.
> /home/axis/veasiroc-tools/yaml-tools/ChangeRegisterValue/bin/ChangeThresholdDacOffset -ud -- RegisterValue_93.yml -400
[ChangeThresholdDacOffset] file name: RegisterValue_93.yml    offset value: -400
[ChangeThresholdDacOffset] The Register Value file "RegisterValue_93.yml" has been recreated.
> /home/axis/veasiroc-tools/yaml-tools/ChangeRegisterValue/bin/ChangeThresholdDacOffset -ud -- RegisterValue_94.yml -400
[ChangeThresholdDacOffset] file name: RegisterValue_94.yml    offset value: -400
[ChangeThresholdDacOffset] The Register Value file "RegisterValue_94.yml" has been recreated.
> /home/axis/veasiroc-tools/yaml-tools/ChangeRegisterValue/bin/ChangeThresholdDacOffset -ud -- RegisterValue_95.yml -400
[ChangeThresholdDacOffset] file name: RegisterValue_95.yml    offset value: -400
[ChangeThresholdDacOffset] The Register Value file "RegisterValue_95.yml" has been recreated.
Done!
###########################################################
###########################################################
Wed Apr 30 01:46:26 PM JST 2025
Running the program "ChangeThresholdDacOffset"...
> /home/axis/veasiroc-tools/yaml-tools/ChangeRegisterValue/bin/ChangeThresholdDacOffset -ud -- RegisterValue_16.yml -450
[ChangeThresholdDacOffset] file name: RegisterValue_16.yml    offset value: -450
[ChangeThresholdDacOffset] The Register Value file "RegisterValue_16.yml" has been recreated.
> /home/axis/veasiroc-tools/yaml-tools/ChangeRegisterValue/bin/ChangeThresholdDacOffset -ud -- RegisterValue_17.yml -450
[ChangeThresholdDacOffset] file name: RegisterValue_17.yml    offset value: -450
[ChangeThresholdDacOffset] The Register Value file "RegisterValue_17.yml" has been recreated.
> /home/axis/veasiroc-tools/yaml-tools/ChangeRegisterValue/bin/ChangeThresholdDacOffset -ud -- RegisterValue_19.yml -450
[ChangeThresholdDacOffset] file name: RegisterValue_19.yml    offset value: -450
[ChangeThresholdDacOffset] The Register Value file "RegisterValue_19.yml" has been recreated.
> /home/axis/veasiroc-tools/yaml-tools/ChangeRegisterValue/bin/ChangeThresholdDacOffset -ud -- RegisterValue_20.yml -450
[ChangeThresholdDacOffset] file name: RegisterValue_20.yml    offset value: -450
[ChangeThresholdDacOffset] The Register Value file "RegisterValue_20.yml" has been recreated.
> /home/axis/veasiroc-tools/yaml-tools/ChangeRegisterValue/bin/ChangeThresholdDacOffset -ud -- RegisterValue_21.yml -450
[ChangeThresholdDacOffset] file name: RegisterValue_21.yml    offset value: -450
[ChangeThresholdDacOffset] The Register Value file "RegisterValue_21.yml" has been recreated.
> /home/axis/veasiroc-tools/yaml-tools/ChangeRegisterValue/bin/ChangeThresholdDacOffset -ud -- RegisterValue_22.yml -450
[ChangeThresholdDacOffset] file name: RegisterValue_22.yml    offset value: -450
[ChangeThresholdDacOffset] The Register Value file "RegisterValue_22.yml" has been recreated.
> /home/axis/veasiroc-tools/yaml-tools/ChangeRegisterValue/bin/ChangeThresholdDacOffset -ud -- RegisterValue_23.yml -450
[ChangeThresholdDacOffset] file name: RegisterValue_23.yml    offset value: -450
[ChangeThresholdDacOffset] The Register Value file "RegisterValue_23.yml" has been recreated.
> /home/axis/veasiroc-tools/yaml-tools/ChangeRegisterValue/bin/ChangeThresholdDacOffset -ud -- RegisterValue_24.yml -450
[ChangeThresholdDacOffset] file name: RegisterValue_24.yml    offset value: -450
[ChangeThresholdDacOffset] The Register Value file "RegisterValue_24.yml" has been recreated.
> /home/axis/veasiroc-tools/yaml-tools/ChangeRegisterValue/bin/ChangeThresholdDacOffset -ud -- RegisterValue_25.yml -450
[ChangeThresholdDacOffset] file name: RegisterValue_25.yml    offset value: -450
[ChangeThresholdDacOffset] The Register Value file "RegisterValue_25.yml" has been recreated.
> /home/axis/veasiroc-tools/yaml-tools/ChangeRegisterValue/bin/ChangeThresholdDacOffset -ud -- RegisterValue_26.yml -450
[ChangeThresholdDacOffset] file name: RegisterValue_26.yml    offset value: -450
[ChangeThresholdDacOffset] The Register Value file "RegisterValue_26.yml" has been recreated.
> /home/axis/veasiroc-tools/yaml-tools/ChangeRegisterValue/bin/ChangeThresholdDacOffset -ud -- RegisterValue_27.yml -450
[ChangeThresholdDacOffset] file name: RegisterValue_27.yml    offset value: -450
[ChangeThresholdDacOffset] The Register Value file "RegisterValue_27.yml" has been recreated.
> /home/axis/veasiroc-tools/yaml-tools/ChangeRegisterValue/bin/ChangeThresholdDacOffset -ud -- RegisterValue_28.yml -450
[ChangeThresholdDacOffset] file name: RegisterValue_28.yml    offset value: -450
[ChangeThresholdDacOffset] The Register Value file "RegisterValue_28.yml" has been recreated.
> /home/axis/veasiroc-tools/yaml-tools/ChangeRegisterValue/bin/ChangeThresholdDacOffset -ud -- RegisterValue_29.yml -450
[ChangeThresholdDacOffset] file name: RegisterValue_29.yml    offset value: -450
[ChangeThresholdDacOffset] The Register Value file "RegisterValue_29.yml" has been recreated.
> /home/axis/veasiroc-tools/yaml-tools/ChangeRegisterValue/bin/ChangeThresholdDacOffset -ud -- RegisterValue_30.yml -450
[ChangeThresholdDacOffset] file name: RegisterValue_30.yml    offset value: -450
[ChangeThresholdDacOffset] The Register Value file "RegisterValue_30.yml" has been recreated.
> /home/axis/veasiroc-tools/yaml-tools/ChangeRegisterValue/bin/ChangeThresholdDacOffset -ud -- RegisterValue_31.yml -450
[ChangeThresholdDacOffset] file name: RegisterValue_31.yml    offset value: -450
[ChangeThresholdDacOffset] The Register Value file "RegisterValue_31.yml" has been recreated.
> /home/axis/veasiroc-tools/yaml-tools/ChangeRegisterValue/bin/ChangeThresholdDacOffset -ud -- RegisterValue_32.yml -450
[ChangeThresholdDacOffset] file name: RegisterValue_32.yml    offset value: -450
[ChangeThresholdDacOffset] The Register Value file "RegisterValue_32.yml" has been recreated.
> /home/axis/veasiroc-tools/yaml-tools/ChangeRegisterValue/bin/ChangeThresholdDacOffset -ud -- RegisterValue_33.yml -450
[ChangeThresholdDacOffset] file name: RegisterValue_33.yml    offset value: -450
[ChangeThresholdDacOffset] The Register Value file "RegisterValue_33.yml" has been recreated.
> /home/axis/veasiroc-tools/yaml-tools/ChangeRegisterValue/bin/ChangeThresholdDacOffset -ud -- RegisterValue_34.yml -450
[ChangeThresholdDacOffset] file name: RegisterValue_34.yml    offset value: -450
[ChangeThresholdDacOffset] The Register Value file "RegisterValue_34.yml" has been recreated.
> /home/axis/veasiroc-tools/yaml-tools/ChangeRegisterValue/bin/ChangeThresholdDacOffset -ud -- RegisterValue_35.yml -450
[ChangeThresholdDacOffset] file name: RegisterValue_35.yml    offset value: -450
[ChangeThresholdDacOffset] The Register Value file "RegisterValue_35.yml" has been recreated.
> /home/axis/veasiroc-tools/yaml-tools/ChangeRegisterValue/bin/ChangeThresholdDacOffset -ud -- RegisterValue_36.yml -450
[ChangeThresholdDacOffset] file name: RegisterValue_36.yml    offset value: -450
[ChangeThresholdDacOffset] The Register Value file "RegisterValue_36.yml" has been recreated.
> /home/axis/veasiroc-tools/yaml-tools/ChangeRegisterValue/bin/ChangeThresholdDacOffset -ud -- RegisterValue_37.yml -450
[ChangeThresholdDacOffset] file name: RegisterValue_37.yml    offset value: -450
[ChangeThresholdDacOffset] The Register Value file "RegisterValue_37.yml" has been recreated.
> /home/axis/veasiroc-tools/yaml-tools/ChangeRegisterValue/bin/ChangeThresholdDacOffset -ud -- RegisterValue_38.yml -450
[ChangeThresholdDacOffset] file name: RegisterValue_38.yml    offset value: -450
[ChangeThresholdDacOffset] The Register Value file "RegisterValue_38.yml" has been recreated.
> /home/axis/veasiroc-tools/yaml-tools/ChangeRegisterValue/bin/ChangeThresholdDacOffset -ud -- RegisterValue_39.yml -450
[ChangeThresholdDacOffset] file name: RegisterValue_39.yml    offset value: -450
[ChangeThresholdDacOffset] The Register Value file "RegisterValue_39.yml" has been recreated.
> /home/axis/veasiroc-tools/yaml-tools/ChangeRegisterValue/bin/ChangeThresholdDacOffset -ud -- RegisterValue_40.yml -450
[ChangeThresholdDacOffset] file name: RegisterValue_40.yml    offset value: -450
[ChangeThresholdDacOffset] The Register Value file "RegisterValue_40.yml" has been recreated.
> /home/axis/veasiroc-tools/yaml-tools/ChangeRegisterValue/bin/ChangeThresholdDacOffset -ud -- RegisterValue_41.yml -450
[ChangeThresholdDacOffset] file name: RegisterValue_41.yml    offset value: -450
[ChangeThresholdDacOffset] The Register Value file "RegisterValue_41.yml" has been recreated.
> /home/axis/veasiroc-tools/yaml-tools/ChangeRegisterValue/bin/ChangeThresholdDacOffset -ud -- RegisterValue_42.yml -450
[ChangeThresholdDacOffset] file name: RegisterValue_42.yml    offset value: -450
[ChangeThresholdDacOffset] The Register Value file "RegisterValue_42.yml" has been recreated.
> /home/axis/veasiroc-tools/yaml-tools/ChangeRegisterValue/bin/ChangeThresholdDacOffset -ud -- RegisterValue_43.yml -450
[ChangeThresholdDacOffset] file name: RegisterValue_43.yml    offset value: -450
[ChangeThresholdDacOffset] The Register Value file "RegisterValue_43.yml" has been recreated.
> /home/axis/veasiroc-tools/yaml-tools/ChangeRegisterValue/bin/ChangeThresholdDacOffset -ud -- RegisterValue_44.yml -450
[ChangeThresholdDacOffset] file name: RegisterValue_44.yml    offset value: -450
[ChangeThresholdDacOffset] The Register Value file "RegisterValue_44.yml" has been recreated.
> /home/axis/veasiroc-tools/yaml-tools/ChangeRegisterValue/bin/ChangeThresholdDacOffset -ud -- RegisterValue_45.yml -450
[ChangeThresholdDacOffset] file name: RegisterValue_45.yml    offset value: -450
[ChangeThresholdDacOffset] The Register Value file "RegisterValue_45.yml" has been recreated.
> /home/axis/veasiroc-tools/yaml-tools/ChangeRegisterValue/bin/ChangeThresholdDacOffset -ud -- RegisterValue_46.yml -450
[ChangeThresholdDacOffset] file name: RegisterValue_46.yml    offset value: -450
[ChangeThresholdDacOffset] The Register Value file "RegisterValue_46.yml" has been recreated.
> /home/axis/veasiroc-tools/yaml-tools/ChangeRegisterValue/bin/ChangeThresholdDacOffset -ud -- RegisterValue_47.yml -450
[ChangeThresholdDacOffset] file name: RegisterValue_47.yml    offset value: -450
[ChangeThresholdDacOffset] The Register Value file "RegisterValue_47.yml" has been recreated.
> /home/axis/veasiroc-tools/yaml-tools/ChangeRegisterValue/bin/ChangeThresholdDacOffset -ud -- RegisterValue_48.yml -450
[ChangeThresholdDacOffset] file name: RegisterValue_48.yml    offset value: -450
[ChangeThresholdDacOffset] The Register Value file "RegisterValue_48.yml" has been recreated.
> /home/axis/veasiroc-tools/yaml-tools/ChangeRegisterValue/bin/ChangeThresholdDacOffset -ud -- RegisterValue_49.yml -450
[ChangeThresholdDacOffset] file name: RegisterValue_49.yml    offset value: -450
[ChangeThresholdDacOffset] The Register Value file "RegisterValue_49.yml" has been recreated.
> /home/axis/veasiroc-tools/yaml-tools/ChangeRegisterValue/bin/ChangeThresholdDacOffset -ud -- RegisterValue_50.yml -450
[ChangeThresholdDacOffset] file name: RegisterValue_50.yml    offset value: -450
[ChangeThresholdDacOffset] The Register Value file "RegisterValue_50.yml" has been recreated.
> /home/axis/veasiroc-tools/yaml-tools/ChangeRegisterValue/bin/ChangeThresholdDacOffset -ud -- RegisterValue_51.yml -450
[ChangeThresholdDacOffset] file name: RegisterValue_51.yml    offset value: -450
[ChangeThresholdDacOffset] The Register Value file "RegisterValue_51.yml" has been recreated.
> /home/axis/veasiroc-tools/yaml-tools/ChangeRegisterValue/bin/ChangeThresholdDacOffset -ud -- RegisterValue_52.yml -450
[ChangeThresholdDacOffset] file name: RegisterValue_52.yml    offset value: -450
[ChangeThresholdDacOffset] The Register Value file "RegisterValue_52.yml" has been recreated.
> /home/axis/veasiroc-tools/yaml-tools/ChangeRegisterValue/bin/ChangeThresholdDacOffset -ud -- RegisterValue_53.yml -450
[ChangeThresholdDacOffset] file name: RegisterValue_53.yml    offset value: -450
[ChangeThresholdDacOffset] The Register Value file "RegisterValue_53.yml" has been recreated.
> /home/axis/veasiroc-tools/yaml-tools/ChangeRegisterValue/bin/ChangeThresholdDacOffset -ud -- RegisterValue_54.yml -450
[ChangeThresholdDacOffset] file name: RegisterValue_54.yml    offset value: -450
[ChangeThresholdDacOffset] The Register Value file "RegisterValue_54.yml" has been recreated.
> /home/axis/veasiroc-tools/yaml-tools/ChangeRegisterValue/bin/ChangeThresholdDacOffset -ud -- RegisterValue_55.yml -450
[ChangeThresholdDacOffset] file name: RegisterValue_55.yml    offset value: -450
[ChangeThresholdDacOffset] The Register Value file "RegisterValue_55.yml" has been recreated.
> /home/axis/veasiroc-tools/yaml-tools/ChangeRegisterValue/bin/ChangeThresholdDacOffset -ud -- RegisterValue_56.yml -450
[ChangeThresholdDacOffset] file name: RegisterValue_56.yml    offset value: -450
[ChangeThresholdDacOffset] The Register Value file "RegisterValue_56.yml" has been recreated.
> /home/axis/veasiroc-tools/yaml-tools/ChangeRegisterValue/bin/ChangeThresholdDacOffset -ud -- RegisterValue_57.yml -450
[ChangeThresholdDacOffset] file name: RegisterValue_57.yml    offset value: -450
[ChangeThresholdDacOffset] The Register Value file "RegisterValue_57.yml" has been recreated.
> /home/axis/veasiroc-tools/yaml-tools/ChangeRegisterValue/bin/ChangeThresholdDacOffset -ud -- RegisterValue_58.yml -450
[ChangeThresholdDacOffset] file name: RegisterValue_58.yml    offset value: -450
[ChangeThresholdDacOffset] The Register Value file "RegisterValue_58.yml" has been recreated.
> /home/axis/veasiroc-tools/yaml-tools/ChangeRegisterValue/bin/ChangeThresholdDacOffset -ud -- RegisterValue_59.yml -450
[ChangeThresholdDacOffset] file name: RegisterValue_59.yml    offset value: -450
[ChangeThresholdDacOffset] The Register Value file "RegisterValue_59.yml" has been recreated.
> /home/axis/veasiroc-tools/yaml-tools/ChangeRegisterValue/bin/ChangeThresholdDacOffset -ud -- RegisterValue_60.yml -450
[ChangeThresholdDacOffset] file name: RegisterValue_60.yml    offset value: -450
[ChangeThresholdDacOffset] The Register Value file "RegisterValue_60.yml" has been recreated.
> /home/axis/veasiroc-tools/yaml-tools/ChangeRegisterValue/bin/ChangeThresholdDacOffset -ud -- RegisterValue_61.yml -450
[ChangeThresholdDacOffset] file name: RegisterValue_61.yml    offset value: -450
[ChangeThresholdDacOffset] The Register Value file "RegisterValue_61.yml" has been recreated.
> /home/axis/veasiroc-tools/yaml-tools/ChangeRegisterValue/bin/ChangeThresholdDacOffset -ud -- RegisterValue_62.yml -450
[ChangeThresholdDacOffset] file name: RegisterValue_62.yml    offset value: -450
[ChangeThresholdDacOffset] The Register Value file "RegisterValue_62.yml" has been recreated.
> /home/axis/veasiroc-tools/yaml-tools/ChangeRegisterValue/bin/ChangeThresholdDacOffset -ud -- RegisterValue_63.yml -450
[ChangeThresholdDacOffset] file name: RegisterValue_63.yml    offset value: -450
[ChangeThresholdDacOffset] The Register Value file "RegisterValue_63.yml" has been recreated.
> /home/axis/veasiroc-tools/yaml-tools/ChangeRegisterValue/bin/ChangeThresholdDacOffset -ud -- RegisterValue_64.yml -450
[ChangeThresholdDacOffset] file name: RegisterValue_64.yml    offset value: -450
[ChangeThresholdDacOffset] The Register Value file "RegisterValue_64.yml" has been recreated.
> /home/axis/veasiroc-tools/yaml-tools/ChangeRegisterValue/bin/ChangeThresholdDacOffset -ud -- RegisterValue_65.yml -450
[ChangeThresholdDacOffset] file name: RegisterValue_65.yml    offset value: -450
[ChangeThresholdDacOffset] The Register Value file "RegisterValue_65.yml" has been recreated.
> /home/axis/veasiroc-tools/yaml-tools/ChangeRegisterValue/bin/ChangeThresholdDacOffset -ud -- RegisterValue_66.yml -450
[ChangeThresholdDacOffset] file name: RegisterValue_66.yml    offset value: -450
[ChangeThresholdDacOffset] The Register Value file "RegisterValue_66.yml" has been recreated.
> /home/axis/veasiroc-tools/yaml-tools/ChangeRegisterValue/bin/ChangeThresholdDacOffset -ud -- RegisterValue_67.yml -450
[ChangeThresholdDacOffset] file name: RegisterValue_67.yml    offset value: -450
[ChangeThresholdDacOffset] The Register Value file "RegisterValue_67.yml" has been recreated.
> /home/axis/veasiroc-tools/yaml-tools/ChangeRegisterValue/bin/ChangeThresholdDacOffset -ud -- RegisterValue_68.yml -450
[ChangeThresholdDacOffset] file name: RegisterValue_68.yml    offset value: -450
[ChangeThresholdDacOffset] The Register Value file "RegisterValue_68.yml" has been recreated.
> /home/axis/veasiroc-tools/yaml-tools/ChangeRegisterValue/bin/ChangeThresholdDacOffset -ud -- RegisterValue_69.yml -450
[ChangeThresholdDacOffset] file name: RegisterValue_69.yml    offset value: -450
[ChangeThresholdDacOffset] The Register Value file "RegisterValue_69.yml" has been recreated.
> /home/axis/veasiroc-tools/yaml-tools/ChangeRegisterValue/bin/ChangeThresholdDacOffset -ud -- RegisterValue_70.yml -450
[ChangeThresholdDacOffset] file name: RegisterValue_70.yml    offset value: -450
[ChangeThresholdDacOffset] The Register Value file "RegisterValue_70.yml" has been recreated.
> /home/axis/veasiroc-tools/yaml-tools/ChangeRegisterValue/bin/ChangeThresholdDacOffset -ud -- RegisterValue_71.yml -450
[ChangeThresholdDacOffset] file name: RegisterValue_71.yml    offset value: -450
[ChangeThresholdDacOffset] The Register Value file "RegisterValue_71.yml" has been recreated.
> /home/axis/veasiroc-tools/yaml-tools/ChangeRegisterValue/bin/ChangeThresholdDacOffset -ud -- RegisterValue_72.yml -450
[ChangeThresholdDacOffset] file name: RegisterValue_72.yml    offset value: -450
[ChangeThresholdDacOffset] The Register Value file "RegisterValue_72.yml" has been recreated.
> /home/axis/veasiroc-tools/yaml-tools/ChangeRegisterValue/bin/ChangeThresholdDacOffset -ud -- RegisterValue_73.yml -450
[ChangeThresholdDacOffset] file name: RegisterValue_73.yml    offset value: -450
[ChangeThresholdDacOffset] The Register Value file "RegisterValue_73.yml" has been recreated.
> /home/axis/veasiroc-tools/yaml-tools/ChangeRegisterValue/bin/ChangeThresholdDacOffset -ud -- RegisterValue_74.yml -450
[ChangeThresholdDacOffset] file name: RegisterValue_74.yml    offset value: -450
[ChangeThresholdDacOffset] The Register Value file "RegisterValue_74.yml" has been recreated.
> /home/axis/veasiroc-tools/yaml-tools/ChangeRegisterValue/bin/ChangeThresholdDacOffset -ud -- RegisterValue_75.yml -450
[ChangeThresholdDacOffset] file name: RegisterValue_75.yml    offset value: -450
[ChangeThresholdDacOffset] The Register Value file "RegisterValue_75.yml" has been recreated.
> /home/axis/veasiroc-tools/yaml-tools/ChangeRegisterValue/bin/ChangeThresholdDacOffset -ud -- RegisterValue_76.yml -450
[ChangeThresholdDacOffset] file name: RegisterValue_76.yml    offset value: -450
[ChangeThresholdDacOffset] The Register Value file "RegisterValue_76.yml" has been recreated.
> /home/axis/veasiroc-tools/yaml-tools/ChangeRegisterValue/bin/ChangeThresholdDacOffset -ud -- RegisterValue_77.yml -450
[ChangeThresholdDacOffset] file name: RegisterValue_77.yml    offset value: -450
[ChangeThresholdDacOffset] The Register Value file "RegisterValue_77.yml" has been recreated.
> /home/axis/veasiroc-tools/yaml-tools/ChangeRegisterValue/bin/ChangeThresholdDacOffset -ud -- RegisterValue_78.yml -450
[ChangeThresholdDacOffset] file name: RegisterValue_78.yml    offset value: -450
[ChangeThresholdDacOffset] The Register Value file "RegisterValue_78.yml" has been recreated.
> /home/axis/veasiroc-tools/yaml-tools/ChangeRegisterValue/bin/ChangeThresholdDacOffset -ud -- RegisterValue_79.yml -450
[ChangeThresholdDacOffset] file name: RegisterValue_79.yml    offset value: -450
[ChangeThresholdDacOffset] The Register Value file "RegisterValue_79.yml" has been recreated.
> /home/axis/veasiroc-tools/yaml-tools/ChangeRegisterValue/bin/ChangeThresholdDacOffset -ud -- RegisterValue_80.yml -450
[ChangeThresholdDacOffset] file name: RegisterValue_80.yml    offset value: -450
[ChangeThresholdDacOffset] The Register Value file "RegisterValue_80.yml" has been recreated.
> /home/axis/veasiroc-tools/yaml-tools/ChangeRegisterValue/bin/ChangeThresholdDacOffset -ud -- RegisterValue_81.yml -450
[ChangeThresholdDacOffset] file name: RegisterValue_81.yml    offset value: -450
[ChangeThresholdDacOffset] The Register Value file "RegisterValue_81.yml" has been recreated.
> /home/axis/veasiroc-tools/yaml-tools/ChangeRegisterValue/bin/ChangeThresholdDacOffset -ud -- RegisterValue_82.yml -450
[ChangeThresholdDacOffset] file name: RegisterValue_82.yml    offset value: -450
[ChangeThresholdDacOffset] The Register Value file "RegisterValue_82.yml" has been recreated.
> /home/axis/veasiroc-tools/yaml-tools/ChangeRegisterValue/bin/ChangeThresholdDacOffset -ud -- RegisterValue_83.yml -450
[ChangeThresholdDacOffset] file name: RegisterValue_83.yml    offset value: -450
[ChangeThresholdDacOffset] The Register Value file "RegisterValue_83.yml" has been recreated.
> /home/axis/veasiroc-tools/yaml-tools/ChangeRegisterValue/bin/ChangeThresholdDacOffset -ud -- RegisterValue_84.yml -450
[ChangeThresholdDacOffset] file name: RegisterValue_84.yml    offset value: -450
[ChangeThresholdDacOffset] The Register Value file "RegisterValue_84.yml" has been recreated.
> /home/axis/veasiroc-tools/yaml-tools/ChangeRegisterValue/bin/ChangeThresholdDacOffset -ud -- RegisterValue_85.yml -450
[ChangeThresholdDacOffset] file name: RegisterValue_85.yml    offset value: -450
[ChangeThresholdDacOffset] The Register Value file "RegisterValue_85.yml" has been recreated.
> /home/axis/veasiroc-tools/yaml-tools/ChangeRegisterValue/bin/ChangeThresholdDacOffset -ud -- RegisterValue_86.yml -450
[ChangeThresholdDacOffset] file name: RegisterValue_86.yml    offset value: -450
[ChangeThresholdDacOffset] The Register Value file "RegisterValue_86.yml" has been recreated.
> /home/axis/veasiroc-tools/yaml-tools/ChangeRegisterValue/bin/ChangeThresholdDacOffset -ud -- RegisterValue_87.yml -450
[ChangeThresholdDacOffset] file name: RegisterValue_87.yml    offset value: -450
[ChangeThresholdDacOffset] The Register Value file "RegisterValue_87.yml" has been recreated.
> /home/axis/veasiroc-tools/yaml-tools/ChangeRegisterValue/bin/ChangeThresholdDacOffset -ud -- RegisterValue_88.yml -450
[ChangeThresholdDacOffset] file name: RegisterValue_88.yml    offset value: -450
[ChangeThresholdDacOffset] The Register Value file "RegisterValue_88.yml" has been recreated.
> /home/axis/veasiroc-tools/yaml-tools/ChangeRegisterValue/bin/ChangeThresholdDacOffset -ud -- RegisterValue_89.yml -450
[ChangeThresholdDacOffset] file name: RegisterValue_89.yml    offset value: -450
[ChangeThresholdDacOffset] The Register Value file "RegisterValue_89.yml" has been recreated.
> /home/axis/veasiroc-tools/yaml-tools/ChangeRegisterValue/bin/ChangeThresholdDacOffset -ud -- RegisterValue_90.yml -450
[ChangeThresholdDacOffset] file name: RegisterValue_90.yml    offset value: -450
[ChangeThresholdDacOffset] The Register Value file "RegisterValue_90.yml" has been recreated.
> /home/axis/veasiroc-tools/yaml-tools/ChangeRegisterValue/bin/ChangeThresholdDacOffset -ud -- RegisterValue_91.yml -450
[ChangeThresholdDacOffset] file name: RegisterValue_91.yml    offset value: -450
[ChangeThresholdDacOffset] The Register Value file "RegisterValue_91.yml" has been recreated.
> /home/axis/veasiroc-tools/yaml-tools/ChangeRegisterValue/bin/ChangeThresholdDacOffset -ud -- RegisterValue_92.yml -450
[ChangeThresholdDacOffset] file name: RegisterValue_92.yml    offset value: -450
[ChangeThresholdDacOffset] The Register Value file "RegisterValue_92.yml" has been recreated.
> /home/axis/veasiroc-tools/yaml-tools/ChangeRegisterValue/bin/ChangeThresholdDacOffset -ud -- RegisterValue_93.yml -450
[ChangeThresholdDacOffset] file name: RegisterValue_93.yml    offset value: -450
[ChangeThresholdDacOffset] The Register Value file "RegisterValue_93.yml" has been recreated.
> /home/axis/veasiroc-tools/yaml-tools/ChangeRegisterValue/bin/ChangeThresholdDacOffset -ud -- RegisterValue_94.yml -450
[ChangeThresholdDacOffset] file name: RegisterValue_94.yml    offset value: -450
[ChangeThresholdDacOffset] The Register Value file "RegisterValue_94.yml" has been recreated.
> /home/axis/veasiroc-tools/yaml-tools/ChangeRegisterValue/bin/ChangeThresholdDacOffset -ud -- RegisterValue_95.yml -450
[ChangeThresholdDacOffset] file name: RegisterValue_95.yml    offset value: -450
[ChangeThresholdDacOffset] The Register Value file "RegisterValue_95.yml" has been recreated.
Done!
###########################################################
